TN:
SF:/Users/owenthurm/Desktop/temp/abracadabra-money-contracts/lib/BoringSolidity/contracts/BoringBatchable.sol
DA:1,0
DA:12,0
DA:17,0
DA:20,0
DA:24,0
DA:26,0
DA:36,0
DA:37,0
DA:38,0
DA:39,0
DA:40,0
DA:46,0
DA:51,0
DA:61,0
end_of_record

SF:/Users/owenthurm/Desktop/temp/abracadabra-money-contracts/lib/BoringSolidity/contracts/BoringFactory.sol
DA:7,0
DA:11,0
DA:16,0
DA:21,0
DA:22,0
DA:32,0
DA:36,0
DA:37,0
DA:38,0
DA:40,0
DA:42,0
DA:45,0
DA:46,0
DA:47,0
DA:48,0
DA:49,0
DA:50,0
DA:54,0
DA:55,0
DA:56,0
DA:57,0
DA:58,0
DA:61,0
DA:62,0
DA:64,0
DA:66,0
end_of_record

SF:/Users/owenthurm/Desktop/temp/abracadabra-money-contracts/lib/BoringSolidity/contracts/BoringOwnable.sol
DA:7,0
DA:8,0
DA:9,0
DA:12,0
DA:16,0
DA:17,0
DA:18,0
DA:26,0
DA:31,0
DA:33,0
DA:36,0
DA:37,0
DA:38,0
DA:41,0
DA:46,0
DA:47,0
DA:50,0
DA:53,0
DA:54,0
DA:55,0
DA:60,0
end_of_record

SF:/Users/owenthurm/Desktop/temp/abracadabra-money-contracts/lib/BoringSolidity/contracts/Domain.sol
DA:9,0
DA:10,0
DA:19,0
DA:20,0
DA:23,0
DA:24,0
DA:31,0
DA:32,0
DA:35,0
DA:36,0
end_of_record

SF:/Users/owenthurm/Desktop/temp/abracadabra-money-contracts/lib/BoringSolidity/contracts/ERC20.sol
DA:10,0
DA:12,0
DA:14,0
DA:16,0
DA:21,0
DA:23,0
DA:25,0
DA:31,0
DA:33,0
DA:34,0
DA:35,0
DA:36,0
DA:37,0
DA:39,0
DA:40,0
DA:43,0
DA:52,0
DA:56,0
DA:58,0
DA:59,0
DA:60,0
DA:62,0
DA:63,0
DA:65,0
DA:66,0
DA:67,0
DA:69,0
DA:71,0
DA:72,0
DA:75,0
DA:76,0
DA:83,0
DA:84,0
DA:85,0
DA:86,0
DA:90,0
DA:91,0
DA:95,0
DA:102,0
DA:111,0
DA:112,0
DA:113,0
DA:114,0
DA:115,0
DA:118,0
DA:119,0
DA:123,0
DA:124,0
DA:126,0
DA:127,0
DA:128,0
DA:129,0
DA:130,0
DA:131,0
DA:134,0
DA:135,0
DA:136,0
DA:137,0
DA:138,0
end_of_record

SF:/Users/owenthurm/Desktop/temp/abracadabra-money-contracts/lib/BoringSolidity/contracts/interfaces/IERC20.sol
end_of_record

SF:/Users/owenthurm/Desktop/temp/abracadabra-money-contracts/lib/BoringSolidity/contracts/interfaces/IMasterContract.sol
end_of_record

SF:/Users/owenthurm/Desktop/temp/abracadabra-money-contracts/lib/BoringSolidity/contracts/libraries/BoringERC20.sol
DA:7,0
DA:53,0
DA:54,0
DA:55,0
DA:82,0
DA:86,0
DA:87,0
DA:88,0
DA:97,0
DA:102,0
DA:103,0
DA:104,0
end_of_record

SF:/Users/owenthurm/Desktop/temp/abracadabra-money-contracts/lib/BoringSolidity/contracts/libraries/BoringMath.sol
DA:4,0
DA:7,0
DA:8,0
DA:11,0
DA:12,0
DA:15,0
DA:16,0
DA:37,0
DA:38,0
DA:39,0
DA:51,0
DA:52,0
DA:53,0
DA:55,0
DA:80,0
DA:98,0
DA:116,0
DA:134,0
DA:135,0
DA:136,0
DA:139,0
DA:140,0
DA:152,0
end_of_record

SF:/Users/owenthurm/Desktop/temp/abracadabra-money-contracts/lib/BoringSolidity/contracts/libraries/BoringRebase.sol
DA:11,0
DA:16,0
DA:20,0
DA:21,0
DA:22,0
DA:24,0
DA:25,0
DA:26,0
DA:32,0
DA:36,0
DA:37,0
DA:38,0
DA:40,0
DA:41,0
DA:42,0
DA:50,0
DA:54,0
DA:55,0
DA:56,0
DA:57,0
DA:58,0
DA:64,0
DA:68,0
DA:69,0
DA:70,0
DA:71,0
DA:72,0
DA:99,0
DA:100,0
DA:105,0
DA:106,0
end_of_record

SF:/Users/owenthurm/Desktop/temp/abracadabra-money-contracts/lib/ExcessivelySafeCall/src/ExcessivelySafeCall.sol
DA:4,0
DA:23,0
DA:28,0
DA:30,0
DA:31,0
DA:32,0
DA:38,0
DA:39,0
DA:40,0
DA:41,0
DA:42,0
DA:43,0
DA:44,0
DA:45,0
DA:48,0
DA:49,0
DA:50,0
DA:53,0
DA:55,0
DA:57,0
end_of_record

SF:/Users/owenthurm/Desktop/temp/abracadabra-money-contracts/lib/fuzzlib/src/AssertHelper.sol
DA:16,1
DA:17,3
DA:18,17
DA:19,3
DA:24,1
DA:29,5
DA:30,0
DA:31,0
DA:32,0
DA:34,0
DA:36,0
DA:38,0
DA:40,0
DA:41,0
DA:136,1
DA:141,6
DA:142,8
DA:143,8
DA:144,27
DA:146,1
DA:148,1
DA:150,1
DA:152,9
DA:180,1
DA:185,5
DA:186,0
DA:187,0
DA:188,0
DA:190,0
DA:192,0
DA:194,0
DA:196,0
DA:224,1
DA:229,6
DA:230,0
DA:231,0
DA:232,0
DA:234,0
DA:236,0
DA:238,0
DA:240,8
DA:241,3
DA:268,0
DA:273,0
DA:274,0
DA:275,0
DA:276,0
DA:278,0
DA:280,0
DA:282,0
DA:284,0
end_of_record

SF:/Users/owenthurm/Desktop/temp/abracadabra-money-contracts/lib/fuzzlib/src/AssertWrapper.sol
DA:7,1
DA:8,6
DA:11,0
DA:12,0
DA:15,1
DA:16,6
DA:19,1
DA:20,6
DA:23,1
DA:24,6
DA:31,1
DA:32,5
end_of_record

SF:/Users/owenthurm/Desktop/temp/abracadabra-money-contracts/lib/fuzzlib/src/ClampHelper.sol
DA:12,3
DA:17,1
DA:18,15
DA:19,27
DA:20,8
DA:21,8
DA:22,8
DA:23,26
DA:25,1
DA:27,1
DA:29,17
DA:31,3
DA:33,2
end_of_record

SF:/Users/owenthurm/Desktop/temp/abracadabra-money-contracts/lib/fuzzlib/src/ClampWrapper.sol
DA:9,1
DA:13,1
DA:14,7
end_of_record

SF:/Users/owenthurm/Desktop/temp/abracadabra-money-contracts/lib/fuzzlib/src/Constants.sol
end_of_record

SF:/Users/owenthurm/Desktop/temp/abracadabra-money-contracts/lib/fuzzlib/src/FuzzBase.sol
DA:11,0
end_of_record

SF:/Users/owenthurm/Desktop/temp/abracadabra-money-contracts/lib/fuzzlib/src/FuzzLibString.sol
DA:8,0
DA:20,4
DA:26,4
DA:29,3
DA:32,6
DA:35,3
DA:38,1
DA:43,3
DA:45,5
DA:49,7
DA:52,3
DA:55,2
DA:59,3
DA:62,4
DA:65,3
end_of_record

SF:/Users/owenthurm/Desktop/temp/abracadabra-money-contracts/lib/fuzzlib/src/IHevm.sol
end_of_record

SF:/Users/owenthurm/Desktop/temp/abracadabra-money-contracts/lib/fuzzlib/src/Logging.sol
DA:86,0
DA:87,0
end_of_record

SF:/Users/owenthurm/Desktop/temp/abracadabra-money-contracts/lib/openzeppelin-contracts/contracts/interfaces/IERC20.sol
end_of_record

SF:/Users/owenthurm/Desktop/temp/abracadabra-money-contracts/lib/openzeppelin-contracts/contracts/interfaces/IERC20Metadata.sol
end_of_record

SF:/Users/owenthurm/Desktop/temp/abracadabra-money-contracts/lib/openzeppelin-contracts/contracts/proxy/Proxy.sol
DA:22,0
DA:27,0
DA:31,0
DA:34,0
DA:36,0
DA:38,0
DA:39,0
DA:42,0
DA:58,0
DA:60,0
DA:68,0
DA:76,0
end_of_record

SF:/Users/owenthurm/Desktop/temp/abracadabra-money-contracts/lib/openzeppelin-contracts/contracts/security/Pausable.sol
DA:34,0
DA:45,0
DA:46,0
DA:57,0
DA:64,0
DA:65,0
DA:71,0
DA:72,0
DA:78,0
DA:79,0
DA:89,0
DA:90,0
DA:91,0
DA:101,0
DA:102,0
DA:103,0
end_of_record

SF:/Users/owenthurm/Desktop/temp/abracadabra-money-contracts/lib/openzeppelin-contracts/contracts/security/ReentrancyGuard.sol
DA:34,0
DA:35,0
DA:40,0
DA:51,0
DA:53,0
DA:56,0
DA:58,0
DA:61,0
DA:64,0
DA:67,0
end_of_record

SF:/Users/owenthurm/Desktop/temp/abracadabra-money-contracts/lib/openzeppelin-contracts/contracts/token/ERC20/ERC20.sol
DA:38,0
DA:54,0
DA:55,0
DA:56,0
DA:62,8
DA:63,0
DA:70,0
DA:71,0
DA:87,0
DA:88,0
DA:94,4
DA:95,0
DA:101,10
DA:102,13
DA:113,12
DA:115,5
DA:122,0
DA:123,25
DA:136,22
DA:138,6
DA:139,4
DA:158,14
DA:160,6
DA:161,7
DA:162,2
DA:177,0
DA:179,0
DA:197,0
DA:200,8
DA:202,0
DA:222,1
DA:223,5
DA:224,5
DA:228,14
DA:229,7
DA:231,20
DA:234,18
DA:237,11
DA:239,1
DA:251,1
DA:252,5
DA:256,15
DA:259,20
DA:261,10
DA:277,1
DA:278,0
DA:282,0
DA:283,0
DA:285,0
DA:287,0
DA:290,0
DA:308,5
DA:309,5
DA:310,5
DA:312,32
DA:313,12
DA:324,6
DA:325,1
DA:326,4
DA:327,15
DA:329,9
DA:348,0
end_of_record

SF:/Users/owenthurm/Desktop/temp/abracadabra-money-contracts/lib/openzeppelin-contracts/contracts/token/ERC20/IERC20.sol
end_of_record

SF:/Users/owenthurm/Desktop/temp/abracadabra-money-contracts/lib/openzeppelin-contracts/contracts/token/ERC20/extensions/IERC20Metadata.sol
end_of_record

SF:/Users/owenthurm/Desktop/temp/abracadabra-money-contracts/lib/openzeppelin-contracts/contracts/token/ERC20/extensions/IERC20Permit.sol
end_of_record

SF:/Users/owenthurm/Desktop/temp/abracadabra-money-contracts/lib/openzeppelin-contracts/contracts/token/ERC20/utils/SafeERC20.sol
DA:19,0
DA:26,0
DA:27,0
DA:34,0
DA:35,0
DA:45,0
DA:49,0
DA:50,0
DA:53,0
DA:117,0
DA:122,0
DA:123,0
end_of_record

SF:/Users/owenthurm/Desktop/temp/abracadabra-money-contracts/lib/openzeppelin-contracts/contracts/utils/Address.sol
DA:9,0
DA:45,0
DA:89,0
DA:90,0
DA:99,0
DA:103,0
DA:104,0
DA:118,0
DA:119,0
DA:128,0
DA:133,0
DA:134,0
DA:135,0
DA:136,0
DA:170,0
DA:171,0
DA:180,0
DA:184,0
DA:185,0
DA:186,0
DA:195,0
DA:200,0
DA:201,0
DA:202,0
DA:205,0
DA:207,0
DA:209,0
DA:233,0
DA:237,0
DA:238,0
DA:241,0
end_of_record

SF:/Users/owenthurm/Desktop/temp/abracadabra-money-contracts/lib/openzeppelin-contracts/contracts/utils/Context.sol
DA:17,0
DA:18,6
end_of_record

SF:/Users/owenthurm/Desktop/temp/abracadabra-money-contracts/lib/openzeppelin-contracts/contracts/utils/cryptography/MerkleProof.sol
DA:20,0
DA:27,0
DA:28,0
DA:48,0
DA:49,0
DA:50,0
DA:51,0
DA:53,0
DA:215,0
DA:216,0
DA:219,0
DA:222,0
DA:223,0
DA:224,0
end_of_record

SF:/Users/owenthurm/Desktop/temp/abracadabra-money-contracts/lib/openzeppelin-contracts/contracts/utils/introspection/ERC165.sol
DA:27,0
end_of_record

SF:/Users/owenthurm/Desktop/temp/abracadabra-money-contracts/lib/openzeppelin-contracts/contracts/utils/introspection/IERC165.sol
end_of_record

SF:/Users/owenthurm/Desktop/temp/abracadabra-money-contracts/lib/solady/src/tokens/ERC20.sol
DA:136,0
DA:139,0
DA:144,0
DA:147,0
DA:148,0
DA:149,0
DA:154,0
DA:158,0
DA:162,0
DA:163,0
DA:164,0
DA:165,0
DA:172,0
DA:176,0
DA:177,0
DA:178,0
DA:179,0
DA:181,0
DA:182,0
DA:184,0
DA:193,0
DA:198,0
DA:199,0
DA:200,0
DA:201,0
DA:203,0
DA:204,0
DA:205,0
DA:208,0
DA:210,0
DA:211,0
DA:215,0
DA:217,0
DA:218,0
DA:221,0
DA:233,0
DA:237,0
DA:239,0
DA:240,0
DA:241,0
DA:242,0
DA:244,0
DA:246,0
DA:247,0
DA:248,0
DA:251,0
DA:254,0
DA:255,0
DA:256,0
DA:258,0
DA:259,0
DA:260,0
DA:263,0
DA:265,0
DA:266,0
DA:270,0
DA:272,0
DA:273,0
DA:276,0
DA:289,0
DA:293,0
DA:294,0
DA:295,0
DA:303,0
DA:312,0
DA:314,0
DA:318,0
DA:319,0
DA:320,0
DA:322,0
DA:324,0
DA:325,0
DA:327,0
DA:328,0
DA:329,0
DA:330,0
DA:332,0
DA:333,0
DA:334,0
DA:335,0
DA:336,0
DA:337,0
DA:339,0
DA:340,0
DA:341,0
DA:342,0
DA:343,0
DA:344,0
DA:345,0
DA:347,0
DA:348,0
DA:349,0
DA:350,0
DA:351,0
DA:357,0
DA:358,0
DA:359,0
DA:362,0
DA:365,0
DA:366,0
DA:368,0
DA:369,0
DA:370,0
DA:375,0
DA:378,0
DA:380,0
DA:381,0
DA:382,0
DA:383,0
DA:384,0
DA:385,0
DA:386,0
DA:387,0
DA:398,0
DA:402,0
DA:403,0
DA:405,0
DA:406,0
DA:407,0
DA:410,0
DA:412,0
DA:413,0
DA:414,0
DA:416,0
DA:418,0
DA:419,0
DA:431,0
DA:436,0
DA:437,0
DA:438,0
DA:439,0
DA:441,0
DA:442,0
DA:443,0
DA:446,0
DA:448,0
DA:450,0
DA:451,0
DA:541,0
end_of_record

SF:/Users/owenthurm/Desktop/temp/abracadabra-money-contracts/lib/solady/src/utils/FixedPointMathLib.sol
DA:7,0
end_of_record

SF:/Users/owenthurm/Desktop/temp/abracadabra-money-contracts/lib/solady/src/utils/LibClone.sol
DA:38,0
DA:69,0
DA:70,0
DA:75,0
DA:134,0
DA:135,0
DA:136,0
DA:137,0
DA:138,0
DA:139,0
DA:140,0
DA:142,0
DA:147,3
DA:149,1
DA:151,8
DA:156,7
DA:158,1
DA:162,3
DA:163,3
DA:164,3
DA:165,7
DA:166,4
DA:167,0
DA:168,0
DA:170,3
DA:189,0
DA:192,0
DA:193,0
DA:194,0
DA:195,0
DA:196,0
DA:203,0
DA:206,0
DA:208,0
DA:209,0
DA:1182,0
DA:1185,0
DA:1190,0
DA:1191,0
DA:1192,0
DA:1193,0
DA:1194,0
DA:1195,0
end_of_record

SF:/Users/owenthurm/Desktop/temp/abracadabra-money-contracts/lib/solady/src/utils/ReentrancyGuard.sol
DA:31,0
DA:32,0
DA:33,0
DA:35,0
DA:37,0
DA:40,0
DA:48,14
DA:49,0
DA:50,0
DA:53,1
end_of_record

SF:/Users/owenthurm/Desktop/temp/abracadabra-money-contracts/lib/solady/src/utils/SafeCastLib.sol
DA:7,0
DA:83,0
DA:84,0
DA:85,0
DA:381,0
DA:385,0
DA:387,0
end_of_record

SF:/Users/owenthurm/Desktop/temp/abracadabra-money-contracts/lib/solady/src/utils/SafeTransferLib.sol
DA:12,0
DA:64,0
DA:67,0
DA:68,0
DA:69,0
DA:178,2
DA:181,2
DA:182,3
DA:183,3
DA:184,5
DA:185,3
DA:187,3
DA:188,1
DA:189,7
DA:190,8
DA:193,3
DA:194,3
DA:196,3
DA:197,2
DA:245,0
DA:248,0
DA:249,0
DA:250,0
DA:252,0
DA:253,0
DA:254,0
DA:255,0
DA:258,0
DA:259,0
DA:261,0
DA:301,0
DA:304,0
DA:305,0
DA:306,0
DA:308,0
DA:309,0
DA:310,0
DA:311,0
DA:314,0
DA:315,0
DA:317,0
DA:359,7
DA:362,3
DA:363,3
DA:364,2
DA:365,1
DA:366,2
DA:367,1
DA:368,3
DA:369,7
end_of_record

SF:/Users/owenthurm/Desktop/temp/abracadabra-money-contracts/lib/solmate/src/auth/Owned.sol
DA:17,0
DA:20,0
DA:22,0
DA:29,0
DA:30,0
DA:32,0
DA:39,0
DA:40,0
DA:42,0
end_of_record

SF:/Users/owenthurm/Desktop/temp/abracadabra-money-contracts/lib/solmate/src/tokens/ERC20.sol
DA:21,0
DA:23,0
DA:25,0
DA:31,0
DA:33,0
DA:35,0
DA:45,0
DA:56,0
DA:57,0
DA:58,0
DA:60,0
DA:61,0
DA:68,0
DA:69,0
DA:71,0
DA:73,0
DA:76,0
DA:77,0
DA:82,0
DA:85,0
DA:90,0
DA:94,0
DA:95,0
DA:97,0
DA:99,0
DA:104,0
DA:107,0
DA:109,0
DA:116,0
DA:125,0
DA:130,0
DA:131,0
DA:132,0
DA:134,0
DA:135,0
DA:136,0
DA:137,0
DA:143,0
DA:154,0
DA:156,0
DA:159,0
DA:162,0
DA:163,0
DA:166,0
DA:167,0
DA:168,0
DA:169,0
DA:170,0
DA:171,0
DA:172,0
DA:173,0
DA:174,0
DA:183,0
DA:184,0
DA:189,0
DA:192,0
DA:195,0
DA:196,0
DA:201,0
DA:204,0
end_of_record

SF:/Users/owenthurm/Desktop/temp/abracadabra-money-contracts/lib/solmate/src/utils/Bytes32AddressLib.sol
DA:6,0
DA:7,0
DA:8,0
end_of_record

SF:/Users/owenthurm/Desktop/temp/abracadabra-money-contracts/lib/solmate/src/utils/CREATE3.sol
DA:9,0
DA:35,0
DA:37,0
DA:41,0
DA:42,0
DA:44,0
DA:49,0
DA:51,0
DA:53,0
DA:54,0
DA:55,0
DA:58,0
DA:59,0
DA:60,0
DA:62,0
DA:64,0
DA:73,0
DA:74,0
end_of_record

SF:/Users/owenthurm/Desktop/temp/abracadabra-money-contracts/lib/solmate/src/utils/FixedPointMathLib.sol
DA:7,0
DA:36,0
DA:40,0
DA:44,0
DA:45,0
DA:49,0
DA:53,0
DA:57,0
DA:61,0
DA:62,0
DA:67,0
end_of_record

SF:/Users/owenthurm/Desktop/temp/abracadabra-money-contracts/lib/solmate/src/utils/ReentrancyGuard.sol
DA:8,0
DA:11,0
DA:13,0
DA:17,0
end_of_record

SF:/Users/owenthurm/Desktop/temp/abracadabra-money-contracts/lib/solmate/src/utils/SafeTransferLib.sol
DA:10,0
DA:31,0
DA:36,0
DA:37,0
DA:42,0
DA:45,0
DA:46,0
DA:47,0
DA:48,0
DA:50,0
DA:53,0
DA:58,0
DA:62,0
DA:65,0
DA:70,0
DA:75,0
DA:78,0
DA:79,0
DA:80,0
DA:82,0
DA:85,0
DA:90,0
DA:94,0
end_of_record

SF:/Users/owenthurm/Desktop/temp/abracadabra-money-contracts/src/DegenBox.sol
DA:40,0
DA:83,0
DA:84,0
DA:85,0
DA:86,0
DA:87,0
DA:94,0
DA:97,0
DA:99,0
DA:100,0
DA:101,0
DA:107,0
DA:108,0
DA:109,0
DA:125,0
DA:127,0
DA:128,0
DA:129,0
DA:131,0
DA:140,0
DA:141,0
DA:153,0
DA:154,0
DA:162,0
DA:163,0
DA:174,0
DA:180,0
DA:182,0
DA:185,0
DA:186,0
DA:188,0
DA:191,0
DA:192,0
DA:194,0
DA:196,0
DA:197,0
DA:201,0
DA:207,0
DA:208,0
DA:212,0
DA:213,0
DA:214,0
DA:215,0
DA:219,0
DA:222,0
DA:223,0
DA:226,0
DA:228,0
DA:229,0
DA:230,0
DA:239,0
DA:245,0
DA:247,0
DA:250,0
DA:251,0
DA:252,0
DA:254,0
DA:257,0
DA:260,0
DA:261,0
DA:262,0
DA:264,0
DA:265,0
DA:268,0
DA:270,0
DA:272,0
DA:273,0
DA:277,0
DA:279,0
DA:292,0
DA:294,0
DA:297,0
DA:298,0
DA:300,0
DA:310,0
DA:312,0
DA:315,0
DA:316,0
DA:317,0
DA:318,0
DA:319,0
DA:320,0
DA:321,0
DA:323,0
DA:336,0
DA:337,0
DA:338,0
DA:340,0
DA:342,0
DA:343,0
DA:356,0
DA:363,0
DA:365,0
DA:366,0
DA:367,0
DA:368,0
DA:370,0
DA:373,0
DA:375,0
DA:376,0
DA:377,0
DA:378,0
DA:386,0
DA:388,0
DA:391,0
DA:392,0
DA:405,0
DA:406,0
DA:407,0
DA:408,0
DA:409,0
DA:412,0
DA:413,0
DA:415,0
DA:416,0
DA:417,0
DA:419,0
DA:420,0
DA:421,0
DA:422,0
DA:423,0
DA:424,0
DA:425,0
DA:426,0
DA:429,0
DA:431,0
DA:432,0
DA:433,0
DA:434,0
DA:435,0
DA:437,0
DA:449,0
DA:450,0
DA:451,0
DA:452,0
DA:453,0
DA:454,0
DA:457,0
DA:459,0
DA:460,0
DA:461,0
DA:462,0
DA:463,0
DA:464,0
DA:468,0
DA:469,0
DA:470,0
DA:471,0
DA:472,0
DA:475,0
DA:476,0
DA:478,0
DA:479,0
DA:480,0
DA:481,0
DA:483,0
DA:484,0
DA:485,0
DA:486,0
DA:487,0
DA:488,0
DA:489,0
DA:490,0
DA:493,0
DA:495,0
DA:496,0
DA:500,0
DA:510,0
end_of_record

SF:/Users/owenthurm/Desktop/temp/abracadabra-money-contracts/src/blast/BlastBox.sol
DA:13,0
DA:20,0
DA:21,0
DA:22,0
DA:24,0
DA:25,0
DA:26,0
DA:28,0
DA:29,0
DA:32,0
DA:33,0
DA:36,0
DA:43,0
DA:44,0
DA:52,0
DA:53,0
DA:56,0
DA:57,0
DA:58,0
DA:61,0
DA:68,0
DA:69,0
DA:72,0
DA:73,0
DA:74,0
DA:77,0
DA:78,0
DA:81,0
DA:82,0
DA:86,0
DA:87,0
DA:90,0
DA:98,0
DA:99,0
DA:100,0
DA:103,0
DA:104,0
end_of_record

SF:/Users/owenthurm/Desktop/temp/abracadabra-money-contracts/src/blast/BlastCauldronV4.sol
DA:9,0
DA:15,0
DA:16,0
DA:17,0
DA:19,0
DA:20,0
DA:23,0
DA:24,0
DA:27,0
DA:28,0
DA:29,0
DA:32,0
DA:34,0
DA:35,0
DA:38,0
DA:39,0
end_of_record

SF:/Users/owenthurm/Desktop/temp/abracadabra-money-contracts/src/blast/BlastFeeRateModel.sol
DA:8,0
DA:9,0
DA:10,0
DA:11,0
DA:13,0
DA:17,0
DA:20,0
DA:21,0
DA:22,0
DA:24,0
end_of_record

SF:/Users/owenthurm/Desktop/temp/abracadabra-money-contracts/src/blast/BlastGovernor.sol
DA:7,0
DA:11,0
DA:15,0
DA:16,0
DA:17,0
DA:20,0
DA:21,0
DA:28,0
DA:29,0
DA:32,0
DA:33,0
DA:40,0
DA:41,0
DA:42,0
DA:45,0
DA:46,0
DA:49,0
DA:50,0
DA:53,0
DA:54,0
end_of_record

SF:/Users/owenthurm/Desktop/temp/abracadabra-money-contracts/src/blast/BlastLockingMultiRewards.sol
DA:10,0
DA:16,0
DA:17,0
DA:19,0
DA:27,0
DA:28,0
DA:29,0
DA:31,0
DA:32,0
DA:35,0
DA:36,0
DA:38,0
DA:39,0
DA:41,0
DA:42,0
DA:50,0
DA:51,0
DA:54,0
DA:55,0
DA:56,0
DA:59,0
DA:60,0
DA:63,0
DA:66,0
DA:76,0
DA:77,0
DA:79,0
DA:80,0
DA:84,0
DA:85,0
DA:88,0
DA:89,0
DA:90,0
DA:93,0
DA:94,0
end_of_record

SF:/Users/owenthurm/Desktop/temp/abracadabra-money-contracts/src/blast/BlastLzIndirectOFTV2.sol
DA:8,0
DA:11,0
DA:18,0
DA:19,0
DA:20,0
DA:23,0
end_of_record

SF:/Users/owenthurm/Desktop/temp/abracadabra-money-contracts/src/blast/BlastLzOFTV2FeeHandler.sol
DA:9,0
DA:12,0
DA:20,0
DA:21,0
DA:22,0
DA:25,0
end_of_record

SF:/Users/owenthurm/Desktop/temp/abracadabra-money-contracts/src/blast/BlastMIMSwapFactory.sol
DA:8,0
DA:9,0
DA:14,0
DA:15,0
DA:16,0
DA:18,0
end_of_record

SF:/Users/owenthurm/Desktop/temp/abracadabra-money-contracts/src/blast/BlastMIMSwapRouter.sol
DA:9,0
DA:10,0
DA:11,0
DA:12,0
DA:14,0
end_of_record

SF:/Users/owenthurm/Desktop/temp/abracadabra-money-contracts/src/blast/BlastMagicLP.sol
DA:10,0
DA:13,0
DA:16,0
DA:18,0
DA:19,0
DA:20,0
DA:22,0
DA:23,0
DA:26,0
DA:27,0
DA:34,0
DA:35,0
DA:42,0
DA:43,0
DA:45,0
DA:48,0
DA:49,0
DA:51,0
DA:52,0
DA:54,0
DA:55,0
DA:59,0
DA:60,0
DA:67,0
DA:68,0
DA:75,0
DA:76,0
DA:77,0
DA:80,0
DA:81,0
DA:88,0
DA:89,0
DA:90,0
DA:94,0
DA:95,0
DA:96,0
DA:99,0
DA:100,0
end_of_record

SF:/Users/owenthurm/Desktop/temp/abracadabra-money-contracts/src/blast/BlastMintableBurnableERC20.sol
DA:7,0
DA:10,0
DA:16,0
DA:17,0
DA:18,0
DA:20,0
end_of_record

SF:/Users/owenthurm/Desktop/temp/abracadabra-money-contracts/src/blast/BlastOnboarding.sol
DA:12,0
DA:30,0
DA:31,0
DA:32,0
DA:33,0
DA:36,0
DA:37,0
DA:38,0
DA:41,0
DA:44,0
DA:45,0
DA:47,0
DA:51,0
DA:52,0
DA:58,0
DA:59,0
DA:60,0
DA:64,0
DA:81,0
DA:84,0
DA:85,0
DA:86,0
DA:89,0
DA:90,0
DA:93,0
DA:94,0
DA:101,0
DA:102,0
DA:104,0
DA:105,0
DA:106,0
DA:108,0
DA:109,0
DA:112,0
DA:114,0
DA:115,0
DA:118,0
DA:120,0
DA:123,0
DA:124,0
DA:125,0
DA:126,0
DA:127,0
DA:129,0
DA:132,0
DA:133,0
DA:134,0
DA:135,0
DA:136,0
DA:138,0
DA:140,0
DA:147,0
DA:148,0
DA:149,0
DA:152,0
DA:153,0
DA:156,0
DA:157,0
DA:160,0
DA:161,0
DA:164,0
DA:165,0
DA:166,0
DA:167,0
DA:169,0
DA:170,0
DA:175,0
DA:176,0
DA:178,0
DA:179,0
DA:182,0
DA:185,0
DA:186,0
DA:187,0
DA:190,0
DA:191,0
DA:192,0
DA:195,0
DA:196,0
DA:197,0
DA:200,0
DA:201,0
DA:202,0
DA:205,0
DA:206,0
DA:207,0
DA:210,0
DA:211,0
DA:214,0
DA:215,0
DA:218,0
DA:219,0
DA:226,0
DA:227,0
end_of_record

SF:/Users/owenthurm/Desktop/temp/abracadabra-money-contracts/src/blast/BlastOnboardingBoot.sol
DA:14,0
DA:15,0
DA:19,0
DA:20,0
DA:21,0
DA:22,0
DA:23,0
DA:24,0
DA:25,0
DA:26,0
DA:27,0
DA:31,0
DA:55,0
DA:56,0
DA:57,0
DA:59,0
DA:60,0
DA:63,0
DA:64,0
DA:65,0
DA:68,0
DA:69,0
DA:71,0
DA:78,0
DA:79,0
DA:80,0
DA:83,0
DA:86,0
DA:87,0
DA:88,0
DA:89,0
DA:97,0
DA:98,0
DA:100,0
DA:101,0
DA:103,0
DA:104,0
DA:106,0
DA:109,0
DA:110,0
DA:111,0
DA:113,0
DA:114,0
DA:116,0
DA:118,0
DA:125,0
DA:126,0
DA:127,0
DA:129,0
DA:130,0
DA:133,0
DA:134,0
DA:135,0
DA:136,0
DA:138,0
DA:140,0
DA:141,0
DA:149,0
DA:150,0
DA:151,0
DA:154,0
DA:156,0
DA:159,0
DA:160,0
DA:161,0
DA:162,0
DA:165,0
DA:167,0
DA:170,0
DA:171,0
DA:172,0
DA:173,0
DA:176,0
DA:177,0
DA:178,0
DA:185,0
DA:186,0
DA:188,0
DA:189,0
DA:192,0
DA:193,0
end_of_record

SF:/Users/owenthurm/Desktop/temp/abracadabra-money-contracts/src/blast/BlastTokenRegistry.sol
DA:6,0
DA:10,0
DA:12,0
DA:14,0
DA:15,0
DA:16,0
DA:19,0
DA:20,0
end_of_record

SF:/Users/owenthurm/Desktop/temp/abracadabra-money-contracts/src/blast/interfaces/IBlastBox.sol
end_of_record

SF:/Users/owenthurm/Desktop/temp/abracadabra-money-contracts/src/blast/libraries/BlastPoints.sol
DA:6,0
DA:7,0
DA:8,0
DA:10,0
DA:11,0
end_of_record

SF:/Users/owenthurm/Desktop/temp/abracadabra-money-contracts/src/blast/libraries/BlastYields.sol
DA:7,0
DA:14,0
DA:20,0
DA:21,0
DA:25,0
DA:26,0
DA:29,0
DA:30,0
DA:31,0
DA:38,0
DA:39,0
DA:42,0
DA:43,0
DA:44,0
DA:55,0
DA:56,0
DA:57,0
DA:70,0
DA:71,0
DA:72,0
DA:86,0
DA:87,0
end_of_record

SF:/Users/owenthurm/Desktop/temp/abracadabra-money-contracts/src/cauldrons/CauldronV4.sol
DA:29,0
DA:61,0
DA:62,0
DA:63,0
DA:66,0
DA:70,0
DA:71,0
DA:72,0
DA:79,0
DA:82,0
DA:83,0
DA:86,0
DA:87,0
DA:90,0
DA:94,0
DA:102,0
DA:107,0
DA:108,0
DA:110,0
DA:112,0
DA:113,0
DA:115,0
DA:116,0
DA:118,0
DA:119,0
DA:122,0
DA:127,0
DA:128,0
DA:134,0
DA:135,0
DA:136,0
DA:137,0
DA:139,0
DA:140,0
DA:141,0
DA:146,0
DA:147,0
DA:148,0
DA:149,0
DA:150,0
DA:152,0
DA:154,0
DA:155,0
DA:156,0
DA:158,0
DA:160,0
DA:164,0
DA:165,0
DA:167,0
DA:168,0
DA:169,0
DA:171,0
DA:173,0
DA:174,0
DA:175,0
DA:180,0
DA:181,0
DA:183,0
DA:184,0
DA:185,0
DA:187,0
DA:192,0
DA:194,0
DA:195,0
DA:196,0
DA:197,0
DA:199,0
DA:202,0
DA:203,0
DA:204,0
DA:205,0
DA:208,0
DA:211,0
DA:212,0
DA:216,0
DA:218,0
DA:219,0
DA:226,0
DA:227,0
DA:229,0
DA:230,0
DA:231,0
DA:234,0
DA:245,0
DA:251,0
DA:252,0
DA:254,0
DA:265,0
DA:269,0
DA:270,0
DA:271,0
DA:272,0
DA:273,0
DA:275,0
DA:281,0
DA:282,0
DA:283,0
DA:285,0
DA:286,0
DA:292,0
DA:294,0
DA:295,0
DA:303,0
DA:304,0
DA:305,0
DA:307,0
DA:309,0
DA:311,0
DA:313,0
DA:314,0
DA:315,0
DA:317,0
DA:320,0
DA:321,0
DA:323,0
DA:329,0
DA:330,0
DA:331,0
DA:335,0
DA:339,0
DA:340,0
DA:341,0
DA:343,0
DA:344,0
DA:345,0
DA:354,0
DA:358,0
DA:359,0
DA:360,0
DA:387,0
DA:393,0
DA:397,0
DA:398,0
DA:402,0
DA:407,0
DA:408,0
DA:409,0
DA:410,0
DA:411,0
DA:415,0
DA:419,0
DA:420,0
DA:421,0
DA:427,0
DA:432,0
DA:433,0
DA:434,0
DA:436,0
DA:437,0
DA:438,0
DA:439,0
DA:440,0
DA:441,0
DA:444,0
DA:446,0
DA:447,0
DA:448,0
DA:456,0
DA:465,0
DA:469,0
DA:472,0
DA:473,0
DA:474,0
DA:475,0
DA:476,0
DA:478,0
DA:479,0
DA:480,0
DA:481,0
DA:482,0
DA:483,0
DA:484,0
DA:485,0
DA:486,0
DA:487,0
DA:488,0
DA:489,0
DA:490,0
DA:491,0
DA:492,0
DA:493,0
DA:494,0
DA:495,0
DA:496,0
DA:497,0
DA:498,0
DA:499,0
DA:500,0
DA:501,0
DA:502,0
DA:503,0
DA:504,0
DA:505,0
DA:506,0
DA:507,0
DA:508,0
DA:509,0
DA:510,0
DA:511,0
DA:513,0
DA:514,0
DA:515,0
DA:516,0
DA:518,0
DA:519,0
DA:520,0
DA:521,0
DA:522,0
DA:523,0
DA:524,0
DA:525,0
DA:526,0
DA:527,0
DA:528,0
DA:530,0
DA:531,0
DA:532,0
DA:533,0
DA:538,0
DA:539,0
DA:540,0
DA:544,0
DA:545,0
DA:546,0
DA:559,0
DA:565,0
DA:567,0
DA:568,0
DA:570,0
DA:573,0
DA:576,0
DA:577,0
DA:578,0
DA:579,0
DA:580,0
DA:581,0
DA:583,0
DA:584,0
DA:585,0
DA:586,0
DA:587,0
DA:588,0
DA:592,0
DA:593,0
DA:596,0
DA:597,0
DA:598,0
DA:601,0
DA:602,0
DA:603,0
DA:606,0
DA:607,0
DA:608,0
DA:609,0
DA:614,0
DA:615,0
DA:616,0
DA:619,0
DA:623,0
DA:624,0
DA:625,0
DA:628,0
DA:629,0
DA:633,0
DA:634,0
DA:635,0
DA:636,0
DA:637,0
DA:638,0
DA:639,0
DA:641,0
DA:647,0
DA:648,0
DA:649,0
DA:654,0
DA:655,0
DA:656,0
DA:657,0
DA:662,0
DA:663,0
DA:664,0
DA:665,0
DA:671,0
DA:672,0
DA:673,0
DA:679,0
DA:680,0
DA:682,0
DA:683,0
DA:689,0
DA:690,0
DA:691,0
DA:697,0
DA:698,0
DA:699,0
DA:705,0
DA:706,0
DA:707,0
end_of_record

SF:/Users/owenthurm/Desktop/temp/abracadabra-money-contracts/src/cauldrons/GmxV2CauldronV4.sol
DA:14,0
DA:30,0
DA:32,0
DA:33,0
DA:35,0
DA:36,0
DA:38,0
DA:40,0
DA:41,0
DA:42,0
DA:47,0
DA:49,0
DA:50,0
DA:51,0
DA:52,0
DA:54,0
DA:58,0
DA:59,0
DA:63,0
DA:64,0
DA:65,0
DA:66,0
DA:67,0
DA:69,0
DA:72,0
DA:79,0
DA:80,0
DA:81,0
DA:83,0
DA:84,0
DA:86,0
DA:87,0
DA:88,0
DA:89,0
DA:90,0
DA:91,0
DA:93,0
DA:94,0
DA:95,0
DA:96,0
DA:97,0
DA:98,0
DA:99,0
DA:100,0
DA:101,0
DA:103,0
DA:104,0
DA:107,0
DA:114,0
DA:120,0
DA:122,0
DA:123,0
DA:125,0
DA:128,0
DA:131,0
DA:132,0
DA:133,0
DA:135,0
DA:136,0
DA:137,0
DA:139,0
DA:140,0
DA:141,0
DA:143,0
DA:144,0
DA:145,0
DA:146,0
DA:147,0
DA:151,0
DA:152,0
DA:153,0
DA:154,0
DA:157,0
DA:160,0
DA:161,0
DA:162,0
DA:165,0
DA:166,0
DA:167,0
DA:171,0
DA:172,0
DA:173,0
DA:174,0
DA:177,0
DA:178,0
DA:180,0
DA:181,0
DA:184,0
DA:188,0
DA:189,0
DA:190,0
DA:193,0
DA:194,0
DA:197,0
DA:198,0
DA:199,0
DA:201,0
DA:202,0
end_of_record

SF:/Users/owenthurm/Desktop/temp/abracadabra-money-contracts/src/cauldrons/PrivilegedCauldronV4.sol
DA:9,0
DA:12,0
DA:15,0
DA:16,0
DA:18,0
DA:20,0
DA:22,0
end_of_record

SF:/Users/owenthurm/Desktop/temp/abracadabra-money-contracts/src/cauldrons/ProtocolOwnedDebtCauldron.sol
DA:10,0
DA:19,0
DA:20,0
DA:21,0
DA:22,0
DA:23,0
DA:27,0
DA:28,0
DA:30,0
DA:31,0
DA:33,0
DA:34,0
DA:37,0
DA:38,0
DA:43,0
DA:44,0
DA:47,0
DA:51,0
DA:52,0
DA:53,0
DA:55,0
DA:57,0
DA:60,0
DA:61,0
DA:62,0
DA:64,0
DA:66,0
end_of_record

SF:/Users/owenthurm/Desktop/temp/abracadabra-money-contracts/src/cauldrons/WhitelistedCauldronV4.sol
DA:10,0
DA:15,0
DA:17,0
DA:19,0
DA:23,0
DA:24,0
DA:25,0
DA:29,0
DA:36,0
DA:37,0
DA:38,0
DA:39,0
DA:42,0
DA:47,0
DA:48,0
DA:49,0
end_of_record

SF:/Users/owenthurm/Desktop/temp/abracadabra-money-contracts/src/fuzzing/Fuzz.sol
DA:13,205
DA:15,0
DA:16,0
end_of_record

SF:/Users/owenthurm/Desktop/temp/abracadabra-money-contracts/src/fuzzing/FuzzFactory.sol
DA:14,0
DA:15,11
DA:16,12
DA:18,25
DA:19,31
DA:21,30
DA:23,6
DA:25,10
DA:26,4
DA:27,4
DA:28,4
DA:29,4
DA:30,4
DA:33,15
end_of_record

SF:/Users/owenthurm/Desktop/temp/abracadabra-money-contracts/src/fuzzing/FuzzMagicLP.sol
DA:14,0
DA:15,18
DA:16,8
DA:18,25
DA:19,31
DA:21,30
DA:22,24
DA:24,6
DA:26,18
DA:28,8
DA:31,11
DA:32,8
DA:34,25
DA:35,31
DA:37,30
DA:38,24
DA:40,6
DA:42,11
DA:44,7
DA:47,11
DA:48,8
DA:50,25
DA:51,31
DA:53,30
DA:54,24
DA:56,6
DA:58,13
DA:63,11
DA:64,8
DA:66,25
DA:67,31
DA:69,30
DA:70,24
DA:72,6
DA:74,13
DA:79,11
DA:85,0
DA:86,12
DA:88,25
DA:89,31
DA:91,30
DA:92,27
DA:94,6
DA:96,22
DA:97,4
DA:98,4
DA:99,10
DA:100,4
DA:101,4
DA:103,4
DA:106,7
DA:109,11
DA:110,8
DA:112,25
DA:113,31
DA:115,30
DA:116,24
DA:118,6
DA:120,11
DA:122,7
DA:125,19
DA:126,9
DA:128,25
DA:129,31
DA:131,30
DA:132,27
DA:134,6
DA:136,22
DA:138,8
DA:141,11
DA:142,10
DA:144,25
DA:145,31
DA:147,30
DA:148,27
DA:150,6
DA:152,17
DA:154,0
end_of_record

SF:/Users/owenthurm/Desktop/temp/abracadabra-money-contracts/src/fuzzing/FuzzRouter.sol
DA:14,0
DA:15,11
DA:16,11
DA:18,25
DA:19,31
DA:21,30
DA:22,27
DA:24,6
DA:26,75
DA:28,13
DA:29,2
DA:30,6
DA:31,4
DA:32,4
DA:33,4
DA:34,1
DA:37,8
DA:40,11
DA:41,8
DA:43,0
DA:44,0
DA:46,0
DA:47,0
DA:49,0
DA:51,0
DA:52,0
DA:53,0
DA:54,0
DA:56,0
DA:59,0
DA:60,0
DA:61,0
DA:63,0
DA:64,0
DA:65,0
DA:66,0
DA:69,0
DA:72,11
DA:73,8
DA:75,0
DA:76,0
DA:78,0
DA:79,0
DA:81,0
DA:83,0
DA:84,0
DA:85,0
DA:86,0
DA:88,0
DA:91,0
DA:92,0
DA:93,0
DA:94,0
DA:95,0
DA:96,0
DA:97,0
DA:100,0
DA:103,22
DA:104,11
DA:106,25
DA:107,31
DA:109,30
DA:110,27
DA:112,6
DA:114,75
DA:116,13
DA:117,2
DA:118,6
DA:119,4
DA:120,4
DA:121,4
DA:122,1
DA:125,9
DA:128,11
DA:137,14
DA:139,25
DA:140,31
DA:142,30
DA:144,6
DA:146,10
DA:147,4
DA:148,4
DA:149,4
DA:150,4
DA:151,4
DA:152,10
DA:153,4
DA:154,4
DA:157,15
DA:160,19
DA:168,5
DA:169,14
DA:171,25
DA:172,31
DA:174,30
DA:176,6
DA:178,10
DA:179,4
DA:180,4
DA:181,4
DA:182,4
DA:183,4
DA:184,10
DA:185,4
DA:186,4
DA:189,12
DA:192,13
DA:197,0
DA:198,11
DA:200,25
DA:201,31
DA:203,30
DA:204,27
DA:206,6
DA:208,46
DA:210,0
DA:211,0
DA:212,0
DA:213,0
DA:214,0
DA:215,0
DA:216,0
DA:219,0
DA:222,11
DA:228,8
DA:230,0
DA:231,0
DA:233,0
DA:234,0
DA:236,0
DA:238,0
DA:239,0
DA:240,0
DA:241,0
DA:242,0
DA:243,0
DA:244,0
DA:247,0
DA:250,11
DA:251,10
DA:253,22
DA:255,5
DA:258,17
DA:259,9
DA:261,18
DA:263,10
DA:266,11
DA:267,7
DA:269,0
DA:270,0
DA:272,0
DA:273,0
DA:275,0
DA:277,0
DA:278,0
DA:279,0
DA:280,0
DA:281,0
DA:282,0
DA:288,11
DA:289,7
DA:291,0
DA:292,0
DA:294,0
DA:295,0
DA:297,0
DA:299,0
DA:300,0
DA:301,0
DA:302,0
DA:303,0
DA:304,0
DA:310,11
DA:311,10
DA:313,25
DA:314,31
DA:316,30
DA:317,27
DA:319,6
DA:321,8
DA:322,4
DA:323,6
DA:324,5
DA:325,4
DA:326,1
DA:332,11
DA:333,7
DA:335,0
DA:336,0
DA:338,0
DA:339,0
DA:341,0
DA:343,0
DA:344,0
DA:345,0
DA:346,0
DA:347,0
DA:348,0
DA:354,11
DA:355,7
DA:357,0
DA:358,0
DA:360,0
DA:361,0
DA:363,0
DA:365,0
DA:366,0
DA:367,0
DA:368,0
DA:369,0
DA:370,0
DA:376,20
DA:377,10
DA:379,25
DA:380,31
DA:382,30
DA:383,27
DA:385,6
DA:387,13
DA:388,4
DA:389,6
DA:390,5
DA:391,4
DA:392,1
DA:395,8
DA:398,11
DA:405,9
DA:407,0
DA:408,0
DA:410,0
DA:412,0
DA:413,0
DA:414,0
DA:415,0
DA:416,0
DA:417,0
DA:418,0
DA:421,0
DA:424,11
DA:430,0
DA:431,9
DA:433,0
DA:434,0
DA:436,0
DA:438,0
DA:439,0
DA:440,0
DA:441,0
DA:442,0
DA:443,0
DA:444,0
DA:447,0
DA:450,11
DA:458,4
DA:459,1
DA:460,1
DA:461,1
DA:462,1
DA:463,1
DA:464,1
DA:467,0
DA:468,0
DA:470,0
DA:472,0
DA:473,0
DA:474,0
DA:475,0
DA:476,0
DA:477,0
DA:478,0
DA:481,0
end_of_record

SF:/Users/owenthurm/Desktop/temp/abracadabra-money-contracts/src/fuzzing/FuzzSetup.sol
DA:13,0
DA:14,0
DA:15,0
DA:17,0
DA:18,0
DA:19,0
DA:20,0
DA:21,0
DA:23,0
DA:24,0
DA:25,0
DA:26,0
DA:27,0
DA:28,0
DA:29,0
DA:30,0
DA:33,0
DA:34,0
DA:35,0
DA:36,0
DA:37,0
DA:39,0
DA:40,0
DA:41,0
DA:42,0
DA:43,0
DA:44,0
DA:45,0
DA:46,0
DA:48,0
DA:49,0
DA:51,0
DA:52,0
DA:53,0
DA:54,0
DA:55,0
DA:57,0
DA:58,0
DA:59,0
DA:60,0
DA:61,0
DA:62,0
DA:63,0
DA:68,0
end_of_record

SF:/Users/owenthurm/Desktop/temp/abracadabra-money-contracts/src/fuzzing/helper/BeforeAfter.sol
DA:38,4
DA:39,7
DA:42,1
DA:43,6
DA:46,1
DA:47,22
DA:48,20
DA:51,20
DA:52,21
DA:53,1
DA:55,20
DA:59,2
DA:60,155
DA:61,152
DA:62,96
DA:63,100
DA:64,102
DA:65,98
DA:66,101
DA:67,95
DA:68,91
DA:69,84
DA:72,1
DA:73,32
DA:74,21
DA:75,140
DA:77,20
DA:78,140
end_of_record

SF:/Users/owenthurm/Desktop/temp/abracadabra-money-contracts/src/fuzzing/helper/FuzzStorageVariables.sol
DA:19,0
end_of_record

SF:/Users/owenthurm/Desktop/temp/abracadabra-money-contracts/src/fuzzing/helper/postconditions/PostconditionsBase.sol
DA:12,1
DA:13,20
DA:14,19
DA:15,19
DA:16,19
DA:17,19
DA:18,19
DA:22,1
DA:23,4
end_of_record

SF:/Users/owenthurm/Desktop/temp/abracadabra-money-contracts/src/fuzzing/helper/postconditions/PostconditionsFactory.sol
DA:13,1
DA:21,7
DA:22,20
DA:23,26
DA:24,34
DA:25,22
DA:26,31
DA:27,31
DA:28,21
DA:30,6
DA:31,5
DA:33,0
end_of_record

SF:/Users/owenthurm/Desktop/temp/abracadabra-money-contracts/src/fuzzing/helper/postconditions/PostconditionsMagicLP.sol
DA:13,0
DA:19,0
DA:20,0
DA:21,0
DA:23,0
DA:27,1
DA:33,4
DA:34,5
DA:37,0
DA:84,1
DA:90,5
DA:91,5
DA:94,3
end_of_record

SF:/Users/owenthurm/Desktop/temp/abracadabra-money-contracts/src/fuzzing/helper/postconditions/PostconditionsRouter.sol
DA:13,1
DA:20,4
DA:21,20
DA:22,6
DA:23,10
DA:24,10
DA:25,10
DA:26,10
DA:27,5
DA:34,0
DA:41,0
DA:42,0
DA:43,0
DA:44,0
DA:45,0
DA:55,0
DA:62,0
DA:63,0
DA:64,0
DA:65,0
DA:66,0
DA:76,1
DA:83,4
DA:84,0
DA:85,0
DA:86,9
DA:87,10
DA:88,9
DA:89,9
DA:90,0
DA:97,1
DA:105,4
DA:106,0
DA:107,0
DA:108,0
DA:109,0
DA:110,0
DA:111,0
DA:112,0
DA:114,0
DA:115,0
DA:121,1
DA:128,5
DA:129,0
DA:130,0
DA:131,0
DA:132,0
DA:133,0
DA:134,0
DA:135,0
DA:137,0
DA:138,0
DA:140,4
DA:144,0
DA:153,0
DA:154,0
DA:155,0
DA:156,0
DA:157,0
DA:158,0
DA:159,0
DA:160,0
DA:161,0
DA:162,0
DA:164,0
DA:168,0
DA:175,0
DA:176,0
DA:177,0
DA:178,0
DA:179,0
DA:180,0
DA:181,0
DA:182,0
DA:188,1
DA:189,4
DA:190,4
DA:192,0
DA:193,0
DA:197,5
DA:198,5
DA:199,25
DA:201,5
DA:202,4
DA:276,6
DA:282,7
DA:283,6
DA:284,5
DA:286,5
DA:290,0
DA:298,0
DA:299,0
DA:300,0
DA:303,0
DA:304,0
DA:305,0
DA:306,0
DA:308,0
DA:311,0
DA:312,0
DA:320,0
DA:328,1
DA:329,0
DA:330,0
DA:333,0
DA:334,0
DA:335,0
DA:337,0
DA:340,0
DA:341,0
DA:342,0
DA:343,0
DA:345,4
DA:349,0
DA:357,0
DA:358,0
DA:359,0
DA:362,0
DA:363,0
DA:364,0
DA:365,0
DA:367,0
DA:368,0
DA:370,0
DA:372,0
DA:374,0
DA:375,0
DA:376,0
DA:378,0
DA:379,0
DA:382,0
DA:383,0
DA:384,0
DA:386,0
end_of_record

SF:/Users/owenthurm/Desktop/temp/abracadabra-money-contracts/src/fuzzing/helper/preconditions/PreconditionsBase.sol
DA:14,224
DA:15,224
end_of_record

SF:/Users/owenthurm/Desktop/temp/abracadabra-money-contracts/src/fuzzing/helper/preconditions/PreconditionsFactory.sol
DA:20,3
DA:26,2
DA:27,5
DA:29,34
DA:30,33
DA:31,8
DA:32,36
DA:35,7
DA:36,8
DA:37,6
DA:39,40
end_of_record

SF:/Users/owenthurm/Desktop/temp/abracadabra-money-contracts/src/fuzzing/helper/preconditions/PreconditionsMagicLP.sol
DA:31,5
DA:32,13
DA:33,30
DA:51,3
DA:57,2
DA:58,13
DA:60,35
DA:61,37
DA:70,6
DA:71,13
DA:73,35
DA:75,22
DA:77,44
DA:78,58
DA:80,21
DA:83,3
DA:88,13
DA:90,32
DA:92,8
DA:93,60
DA:95,60
DA:98,27
DA:100,44
DA:101,57
DA:103,28
end_of_record

SF:/Users/owenthurm/Desktop/temp/abracadabra-money-contracts/src/fuzzing/helper/preconditions/PreconditionsRouter.sol
DA:182,1
DA:187,2
DA:188,27
DA:190,47
DA:191,28
DA:193,13
DA:195,68
DA:196,0
DA:198,0
DA:201,0
DA:204,3
DA:209,2
DA:210,13
DA:212,39
DA:214,35
DA:215,33
DA:217,32
DA:220,3
DA:228,2
DA:229,5
DA:231,34
DA:232,33
DA:233,8
DA:234,0
DA:237,7
DA:238,8
DA:239,6
DA:241,61
DA:244,3
DA:252,2
DA:253,5
DA:255,35
DA:256,8
DA:257,36
DA:259,7
DA:260,8
DA:261,8
DA:262,28
DA:263,13
DA:264,58
DA:267,9
DA:272,2
DA:273,21
DA:275,35
DA:277,68
DA:279,31
DA:282,1
DA:287,2
DA:288,26
DA:290,0
DA:291,0
DA:293,0
DA:295,0
DA:298,7
DA:302,2
DA:303,13
DA:305,32
DA:307,8
DA:308,8
DA:310,26
DA:313,7
DA:314,13
DA:316,32
DA:318,9
DA:320,21
DA:323,1
DA:327,2
DA:328,26
DA:330,0
DA:331,0
DA:333,28
DA:335,0
DA:337,0
DA:340,1
DA:344,2
DA:345,27
DA:347,48
DA:348,35
DA:350,54
DA:352,0
DA:354,0
DA:355,0
DA:357,0
DA:360,1
DA:364,2
DA:365,13
DA:367,39
DA:369,35
DA:371,48
DA:372,29
DA:377,1
DA:381,2
DA:382,27
DA:384,48
DA:385,35
DA:387,26
DA:394,1
DA:398,2
DA:399,27
DA:401,48
DA:402,35
DA:404,26
DA:414,7
DA:418,2
DA:419,13
DA:421,39
DA:423,82
DA:425,48
DA:426,121
DA:428,26
DA:431,1
DA:437,2
DA:438,13
DA:440,4
DA:441,9
DA:442,46
DA:443,1
DA:445,14
DA:446,8
DA:447,4
DA:448,3
DA:450,0
DA:451,0
DA:452,0
DA:454,0
DA:456,0
DA:458,15
DA:460,0
DA:461,0
DA:462,0
DA:465,0
DA:467,0
DA:472,1
DA:478,2
DA:479,13
DA:481,4
DA:482,9
DA:483,44
DA:484,2
DA:486,11
DA:487,8
DA:488,4
DA:489,3
DA:491,0
DA:492,0
DA:493,0
DA:495,0
DA:497,0
DA:499,15
DA:501,0
DA:502,0
DA:503,0
DA:506,0
DA:507,0
DA:508,0
DA:510,0
DA:511,0
DA:514,0
DA:517,1
DA:524,2
DA:525,13
DA:527,34
DA:528,9
DA:529,46
DA:530,1
DA:532,14
DA:533,8
DA:534,4
DA:535,3
DA:537,0
DA:538,0
DA:539,0
DA:541,0
DA:543,0
DA:545,15
DA:547,0
DA:548,0
DA:549,0
DA:552,0
DA:553,0
DA:554,0
DA:556,0
DA:557,0
DA:560,0
DA:563,7
DA:564,28
DA:565,28
DA:566,41
DA:567,23
end_of_record

SF:/Users/owenthurm/Desktop/temp/abracadabra-money-contracts/src/fuzzing/mocks/MockERC20.sol
DA:6,82
DA:9,0
DA:10,0
DA:13,4
DA:14,6
DA:17,3
DA:18,0
DA:21,0
DA:22,0
end_of_record

SF:/Users/owenthurm/Desktop/temp/abracadabra-money-contracts/src/fuzzing/mocks/MockWETH.sol
DA:6,81
DA:10,0
DA:13,1
DA:16,6
DA:17,6
DA:19,14
DA:22,0
DA:23,0
DA:25,0
DA:27,0
end_of_record

SF:/Users/owenthurm/Desktop/temp/abracadabra-money-contracts/src/fuzzing/properties/Properties.sol
DA:15,1
DA:16,23
end_of_record

SF:/Users/owenthurm/Desktop/temp/abracadabra-money-contracts/src/fuzzing/properties/PropertiesBase.sol
end_of_record

SF:/Users/owenthurm/Desktop/temp/abracadabra-money-contracts/src/fuzzing/properties/PropertiesDescriptions.sol
end_of_record

SF:/Users/owenthurm/Desktop/temp/abracadabra-money-contracts/src/fuzzing/properties/Properties_LIQ.sol
DA:12,3
DA:13,21
DA:16,0
DA:17,0
DA:20,4
DA:21,21
DA:25,0
DA:26,0
DA:27,0
DA:28,0
DA:30,0
DA:33,0
DA:34,0
DA:35,0
DA:36,0
DA:38,0
DA:40,0
DA:41,0
DA:42,0
DA:43,0
DA:45,0
DA:46,0
DA:47,0
DA:53,1
DA:54,52
DA:57,1
DA:58,72
DA:61,2
DA:62,0
DA:63,1
DA:66,0
DA:67,0
DA:68,0
DA:69,0
DA:70,0
DA:72,0
DA:75,0
DA:76,0
DA:77,0
DA:78,0
DA:80,0
DA:82,0
DA:83,0
DA:84,0
DA:85,0
DA:87,0
DA:88,0
DA:89,0
DA:95,0
DA:96,0
DA:97,0
DA:101,0
DA:102,0
DA:103,0
DA:107,0
DA:108,0
DA:109,0
DA:110,0
DA:111,0
DA:112,0
DA:114,0
DA:115,0
DA:116,0
DA:119,0
DA:123,0
DA:124,0
DA:127,1
DA:128,63
DA:129,0
DA:133,1
DA:134,22
DA:137,0
DA:138,0
DA:141,0
DA:142,0
DA:143,0
end_of_record

SF:/Users/owenthurm/Desktop/temp/abracadabra-money-contracts/src/fuzzing/properties/Properties_POOL.sol
DA:12,1
DA:13,1
DA:14,23
DA:15,70
DA:17,23
DA:18,23
DA:19,41
DA:22,1
DA:23,21
DA:26,0
DA:27,0
DA:30,1
DA:31,19
DA:32,2
DA:33,23
end_of_record

SF:/Users/owenthurm/Desktop/temp/abracadabra-money-contracts/src/fuzzing/properties/Properties_RES.sol
DA:12,1
DA:13,38
DA:14,43
DA:18,1
DA:19,47
DA:22,1
DA:23,50
end_of_record

SF:/Users/owenthurm/Desktop/temp/abracadabra-money-contracts/src/fuzzing/properties/Properties_SWAP.sol
DA:12,0
DA:13,0
DA:14,0
DA:16,0
DA:19,0
DA:20,0
DA:21,0
DA:22,0
DA:27,0
DA:28,0
DA:29,0
DA:31,0
DA:34,0
DA:35,0
DA:36,0
DA:37,0
DA:42,0
DA:43,0
end_of_record

SF:/Users/owenthurm/Desktop/temp/abracadabra-money-contracts/src/fuzzing/util/FunctionCalls.sol
DA:88,1
DA:94,3
DA:95,12
DA:97,45
DA:98,12
DA:99,8
DA:103,7
DA:104,11
DA:106,45
DA:107,100
DA:110,9
DA:111,5
DA:113,45
DA:114,89
DA:117,5
DA:118,11
DA:120,45
DA:121,12
DA:124,5
DA:125,11
DA:127,45
DA:128,12
DA:131,3
DA:139,2
DA:140,27
DA:142,49
DA:143,62
DA:144,53
DA:148,7
DA:149,5
DA:151,45
DA:152,33
DA:155,7
DA:156,12
DA:158,45
DA:159,92
DA:162,1
DA:169,2
DA:170,27
DA:172,45
DA:173,8
DA:174,21
DA:178,0
DA:186,0
DA:187,0
DA:189,0
DA:190,0
DA:191,0
DA:195,0
DA:202,0
DA:203,0
DA:205,0
DA:206,0
DA:207,0
DA:211,1
DA:218,2
DA:219,27
DA:221,45
DA:222,8
DA:223,21
DA:227,1
DA:236,4
DA:237,12
DA:239,45
DA:240,63
DA:241,28
DA:256,3
DA:265,4
DA:266,12
DA:268,45
DA:269,71
DA:270,27
DA:274,2
DA:281,0
DA:282,0
DA:284,0
DA:285,0
DA:286,0
DA:289,0
DA:290,59
DA:291,30
DA:295,0
DA:302,0
DA:303,0
DA:305,0
DA:306,0
DA:307,0
DA:310,0
DA:311,0
DA:312,0
DA:316,1
DA:320,4
DA:321,12
DA:323,59
DA:324,27
DA:328,5
DA:329,12
DA:331,86
DA:334,0
DA:340,0
DA:341,0
DA:343,0
DA:344,0
DA:345,0
DA:349,0
DA:355,0
DA:356,0
DA:358,0
DA:359,0
DA:360,0
DA:364,1
DA:370,3
DA:371,12
DA:373,45
DA:374,8
DA:375,7
DA:379,0
DA:385,0
DA:386,0
DA:388,0
DA:389,0
DA:390,0
DA:394,0
DA:400,0
DA:401,0
DA:403,0
DA:404,0
DA:405,0
DA:409,3
DA:415,3
DA:416,12
DA:418,45
DA:419,67
DA:420,36
DA:424,0
DA:431,0
DA:432,0
DA:434,0
DA:435,0
DA:436,0
DA:440,0
DA:447,0
DA:448,0
DA:450,0
DA:451,0
DA:452,0
DA:456,0
DA:463,0
DA:464,0
DA:466,0
DA:467,0
DA:468,0
end_of_record

SF:/Users/owenthurm/Desktop/temp/abracadabra-money-contracts/src/fuzzing/util/FuzzConstants.sol
DA:14,0
DA:15,0
DA:16,0
DA:17,0
DA:19,0
DA:20,0
DA:21,0
DA:22,3
DA:24,3
DA:25,3
DA:28,3
DA:29,3
DA:30,3
DA:31,3
end_of_record

SF:/Users/owenthurm/Desktop/temp/abracadabra-money-contracts/src/interfaces/IAggregator.sol
end_of_record

SF:/Users/owenthurm/Desktop/temp/abracadabra-money-contracts/src/interfaces/IAnyswapERC20.sol
end_of_record

SF:/Users/owenthurm/Desktop/temp/abracadabra-money-contracts/src/interfaces/IApeCoinStaking.sol
end_of_record

SF:/Users/owenthurm/Desktop/temp/abracadabra-money-contracts/src/interfaces/IBentoBoxV1.sol
end_of_record

SF:/Users/owenthurm/Desktop/temp/abracadabra-money-contracts/src/interfaces/IBlast.sol
end_of_record

SF:/Users/owenthurm/Desktop/temp/abracadabra-money-contracts/src/interfaces/ICauldronV1.sol
end_of_record

SF:/Users/owenthurm/Desktop/temp/abracadabra-money-contracts/src/interfaces/ICauldronV2.sol
end_of_record

SF:/Users/owenthurm/Desktop/temp/abracadabra-money-contracts/src/interfaces/ICauldronV3.sol
end_of_record

SF:/Users/owenthurm/Desktop/temp/abracadabra-money-contracts/src/interfaces/ICauldronV4.sol
end_of_record

SF:/Users/owenthurm/Desktop/temp/abracadabra-money-contracts/src/interfaces/ICauldronV4GmxV2.sol
end_of_record

SF:/Users/owenthurm/Desktop/temp/abracadabra-money-contracts/src/interfaces/IConvexWrapper.sol
end_of_record

SF:/Users/owenthurm/Desktop/temp/abracadabra-money-contracts/src/interfaces/IConvexWrapperFactory.sol
end_of_record

SF:/Users/owenthurm/Desktop/temp/abracadabra-money-contracts/src/interfaces/ICurvePool.sol
end_of_record

SF:/Users/owenthurm/Desktop/temp/abracadabra-money-contracts/src/interfaces/ICurveRewardGauge.sol
end_of_record

SF:/Users/owenthurm/Desktop/temp/abracadabra-money-contracts/src/interfaces/ICurveStablePoolAggregator.sol
end_of_record

SF:/Users/owenthurm/Desktop/temp/abracadabra-money-contracts/src/interfaces/IERC20Vault.sol
end_of_record

SF:/Users/owenthurm/Desktop/temp/abracadabra-money-contracts/src/interfaces/IERC4626.sol
end_of_record

SF:/Users/owenthurm/Desktop/temp/abracadabra-money-contracts/src/interfaces/IGmxV1.sol
end_of_record

SF:/Users/owenthurm/Desktop/temp/abracadabra-money-contracts/src/interfaces/IGmxV2.sol
end_of_record

SF:/Users/owenthurm/Desktop/temp/abracadabra-money-contracts/src/interfaces/ILPStaking.sol
end_of_record

SF:/Users/owenthurm/Desktop/temp/abracadabra-money-contracts/src/interfaces/ILayerZero.sol
end_of_record

SF:/Users/owenthurm/Desktop/temp/abracadabra-money-contracts/src/interfaces/ILevSwapperV2.sol
end_of_record

SF:/Users/owenthurm/Desktop/temp/abracadabra-money-contracts/src/interfaces/IMSpell.sol
end_of_record

SF:/Users/owenthurm/Desktop/temp/abracadabra-money-contracts/src/interfaces/IMagicCurveLpRewardHandler.sol
end_of_record

SF:/Users/owenthurm/Desktop/temp/abracadabra-money-contracts/src/interfaces/IMagicGlpRewardHandler.sol
end_of_record

SF:/Users/owenthurm/Desktop/temp/abracadabra-money-contracts/src/interfaces/IMintableBurnable.sol
end_of_record

SF:/Users/owenthurm/Desktop/temp/abracadabra-money-contracts/src/interfaces/IMultiRewardsStaking.sol
end_of_record

SF:/Users/owenthurm/Desktop/temp/abracadabra-money-contracts/src/interfaces/IOracle.sol
end_of_record

SF:/Users/owenthurm/Desktop/temp/abracadabra-money-contracts/src/interfaces/IStargate.sol
end_of_record

SF:/Users/owenthurm/Desktop/temp/abracadabra-money-contracts/src/interfaces/IStrategy.sol
end_of_record

SF:/Users/owenthurm/Desktop/temp/abracadabra-money-contracts/src/interfaces/ISwapperV1.sol
end_of_record

SF:/Users/owenthurm/Desktop/temp/abracadabra-money-contracts/src/interfaces/ISwapperV2.sol
end_of_record

SF:/Users/owenthurm/Desktop/temp/abracadabra-money-contracts/src/interfaces/IUmbrellaFeeds.sol
end_of_record

SF:/Users/owenthurm/Desktop/temp/abracadabra-money-contracts/src/interfaces/IUniswapV2.sol
end_of_record

SF:/Users/owenthurm/Desktop/temp/abracadabra-money-contracts/src/interfaces/IVaultHarvester.sol
end_of_record

SF:/Users/owenthurm/Desktop/temp/abracadabra-money-contracts/src/interfaces/IWETH.sol
end_of_record

SF:/Users/owenthurm/Desktop/temp/abracadabra-money-contracts/src/interfaces/IWhitelister.sol
end_of_record

SF:/Users/owenthurm/Desktop/temp/abracadabra-money-contracts/src/interfaces/IWitnetPriceRouter.sol
end_of_record

SF:/Users/owenthurm/Desktop/temp/abracadabra-money-contracts/src/interfaces/IYearnVault.sol
end_of_record

SF:/Users/owenthurm/Desktop/temp/abracadabra-money-contracts/src/lenses/GmxLens.sol
DA:8,0
DA:9,0
DA:10,0
DA:11,0
DA:19,0
DA:20,0
DA:25,0
DA:26,0
DA:27,0
DA:28,0
DA:29,0
DA:32,0
DA:33,0
DA:36,0
DA:37,0
DA:39,0
DA:40,0
DA:41,0
DA:42,0
DA:43,0
DA:44,0
DA:45,0
DA:48,0
DA:49,0
DA:52,0
DA:53,0
DA:56,0
DA:57,0
DA:58,0
DA:59,0
DA:61,0
DA:64,0
DA:65,0
DA:66,0
DA:67,0
DA:70,0
DA:71,0
DA:73,0
DA:75,0
DA:76,0
DA:77,0
DA:78,0
DA:79,0
DA:82,0
DA:83,0
DA:86,0
DA:87,0
DA:90,0
DA:97,0
DA:98,0
DA:99,0
DA:102,0
DA:103,0
DA:104,0
DA:105,0
DA:108,0
DA:109,0
DA:110,0
DA:113,0
DA:114,0
DA:116,0
DA:117,0
DA:118,0
DA:121,0
DA:122,0
DA:123,0
DA:125,0
DA:126,0
DA:129,0
DA:130,0
DA:132,0
DA:133,0
DA:135,0
DA:136,0
DA:147,0
DA:148,0
DA:149,0
DA:151,0
DA:154,0
DA:155,0
DA:156,0
DA:158,0
DA:161,0
DA:162,0
end_of_record

SF:/Users/owenthurm/Desktop/temp/abracadabra-money-contracts/src/lenses/InterestStrategyLens.sol
DA:14,0
DA:15,0
DA:16,0
DA:17,0
DA:18,0
DA:19,0
DA:20,0
DA:22,0
DA:23,0
DA:24,0
DA:26,0
DA:29,0
DA:30,0
DA:31,0
DA:34,0
DA:36,0
DA:37,0
DA:40,0
DA:41,0
DA:43,0
end_of_record

SF:/Users/owenthurm/Desktop/temp/abracadabra-money-contracts/src/lenses/MarketLens.sol
DA:11,0
DA:41,0
DA:42,0
DA:43,0
DA:45,0
DA:46,0
DA:49,0
DA:50,0
DA:53,0
DA:54,0
DA:55,0
DA:58,0
DA:59,0
DA:60,0
DA:63,0
DA:64,0
DA:65,0
DA:66,0
DA:67,0
DA:70,0
DA:71,0
DA:74,0
DA:75,0
DA:83,0
DA:84,0
DA:86,0
DA:87,0
DA:89,0
DA:93,0
DA:94,0
DA:96,0
DA:97,0
DA:98,0
DA:99,0
DA:101,0
DA:104,0
DA:105,0
DA:108,0
DA:109,0
DA:112,0
DA:113,0
DA:116,0
DA:117,0
DA:118,0
DA:119,0
DA:120,0
DA:123,0
DA:124,0
DA:127,0
DA:128,0
DA:129,0
DA:132,0
DA:133,0
DA:134,0
DA:137,0
DA:138,0
DA:141,0
DA:142,0
DA:143,0
DA:146,0
DA:147,0
DA:150,0
DA:151,0
DA:152,0
DA:153,0
DA:154,0
DA:155,0
DA:156,0
DA:157,0
DA:158,0
DA:160,0
DA:161,0
DA:162,0
DA:163,0
DA:164,0
DA:165,0
DA:166,0
DA:167,0
DA:168,0
DA:174,0
DA:175,0
DA:176,0
DA:177,0
DA:181,0
DA:182,0
DA:183,0
DA:184,0
DA:185,0
DA:186,0
DA:187,0
DA:188,0
DA:189,0
DA:190,0
DA:191,0
DA:192,0
DA:193,0
DA:194,0
DA:198,0
DA:199,0
DA:200,0
DA:201,0
end_of_record

SF:/Users/owenthurm/Desktop/temp/abracadabra-money-contracts/src/libraries/BabylonianLib.sol
DA:5,0
DA:9,0
DA:10,0
DA:13,0
DA:14,0
DA:15,0
DA:16,0
DA:17,0
DA:19,0
DA:20,0
DA:21,0
DA:23,0
DA:24,0
DA:25,0
DA:27,0
DA:28,0
DA:29,0
DA:31,0
DA:32,0
DA:33,0
DA:35,0
DA:36,0
DA:37,0
DA:39,0
DA:40,0
DA:42,0
DA:43,0
DA:44,0
DA:45,0
DA:46,0
DA:47,0
DA:48,0
DA:49,0
DA:50,0
end_of_record

SF:/Users/owenthurm/Desktop/temp/abracadabra-money-contracts/src/libraries/BytesLib.sol
DA:11,0
DA:214,0
DA:215,0
DA:216,0
DA:218,0
DA:221,0
DA:222,0
DA:225,0
DA:235,0
DA:241,0
DA:242,0
DA:244,0
DA:247,0
DA:248,0
DA:249,0
DA:250,0
DA:252,0
DA:255,0
DA:259,0
DA:263,0
DA:266,0
DA:268,0
DA:272,0
DA:275,0
DA:276,0
DA:280,0
DA:286,0
DA:287,0
DA:291,0
DA:319,0
DA:320,0
DA:324,0
DA:363,0
DA:364,0
DA:368,0
end_of_record

SF:/Users/owenthurm/Desktop/temp/abracadabra-money-contracts/src/libraries/CauldronLib.sol
DA:14,0
DA:18,0
DA:19,0
DA:20,0
DA:21,0
DA:22,0
DA:23,0
DA:30,0
DA:31,0
DA:34,0
DA:35,0
DA:36,0
DA:40,0
DA:41,0
DA:42,0
DA:43,0
DA:45,0
DA:46,0
DA:50,0
DA:51,0
DA:52,0
DA:53,0
DA:56,0
DA:57,0
DA:58,0
DA:60,0
DA:61,0
DA:64,0
DA:71,0
DA:72,0
DA:73,0
DA:74,0
DA:75,0
DA:76,0
DA:79,0
DA:81,0
DA:83,0
DA:84,0
DA:85,0
DA:89,0
DA:90,0
DA:92,0
DA:93,0
DA:94,0
DA:95,0
DA:98,0
DA:100,0
DA:115,0
DA:119,0
DA:120,0
DA:121,0
DA:122,0
DA:123,0
DA:124,0
DA:128,0
DA:131,0
DA:132,0
DA:133,0
DA:135,0
DA:136,0
DA:141,0
DA:144,0
DA:145,0
DA:148,0
DA:149,0
DA:150,0
DA:151,0
DA:153,0
DA:158,0
DA:159,0
DA:163,0
DA:166,0
DA:169,0
DA:172,0
DA:173,0
DA:174,0
DA:175,0
DA:176,0
DA:177,0
DA:178,0
DA:179,0
DA:181,0
DA:182,0
DA:183,0
DA:184,0
DA:186,0
DA:187,0
DA:188,0
DA:189,0
DA:190,0
DA:191,0
DA:195,0
DA:196,0
DA:197,0
DA:198,0
end_of_record

SF:/Users/owenthurm/Desktop/temp/abracadabra-money-contracts/src/libraries/MathLib.sol
DA:4,0
DA:19,0
DA:20,0
DA:21,0
DA:22,0
DA:23,0
DA:26,0
DA:29,0
DA:30,0
DA:33,0
DA:34,0
end_of_record

SF:/Users/owenthurm/Desktop/temp/abracadabra-money-contracts/src/libraries/SafeApproveLib.sol
DA:6,0
DA:10,0
DA:14,0
DA:15,0
DA:16,0
DA:17,0
DA:19,0
DA:20,0
end_of_record

SF:/Users/owenthurm/Desktop/temp/abracadabra-money-contracts/src/libraries/UniswapV2Lib.sol
DA:16,0
DA:18,0
DA:19,0
DA:20,0
DA:21,0
DA:25,0
DA:26,0
DA:33,0
DA:34,0
DA:36,0
DA:37,0
DA:38,0
DA:66,0
DA:67,0
DA:68,0
DA:69,0
DA:70,0
DA:71,0
DA:72,0
DA:117,0
DA:146,0
DA:147,0
DA:165,0
DA:166,0
DA:167,0
DA:168,0
DA:169,0
DA:172,0
DA:174,0
DA:175,0
DA:176,0
DA:177,0
DA:178,0
DA:179,0
DA:182,0
DA:186,0
DA:187,0
DA:189,0
DA:192,0
DA:193,0
DA:194,0
DA:195,0
DA:196,0
DA:197,0
DA:200,0
DA:201,0
DA:202,0
DA:203,0
DA:204,0
DA:205,0
DA:206,0
DA:207,0
DA:208,0
DA:209,0
DA:210,0
DA:213,0
DA:214,0
DA:217,0
DA:218,0
DA:219,0
DA:223,0
DA:225,0
DA:226,0
DA:227,0
DA:228,0
DA:229,0
DA:230,0
DA:231,0
DA:232,0
DA:233,0
DA:234,0
DA:235,0
DA:236,0
DA:240,0
DA:244,0
DA:245,0
DA:246,0
DA:247,0
DA:248,0
DA:251,0
DA:252,0
DA:253,0
DA:255,0
DA:258,0
end_of_record

SF:/Users/owenthurm/Desktop/temp/abracadabra-money-contracts/src/mimswap/MagicLP.sol
DA:25,25
DA:66,0
DA:68,0
DA:69,0
DA:70,0
DA:71,0
DA:74,0
DA:75,0
DA:77,0
DA:78,0
DA:79,0
DA:80,0
DA:81,0
DA:82,0
DA:83,0
DA:84,0
DA:85,0
DA:86,0
DA:87,0
DA:88,0
DA:89,0
DA:91,0
DA:93,0
DA:94,0
DA:97,0
DA:100,0
DA:109,0
DA:110,0
DA:112,0
DA:113,0
DA:115,0
DA:116,0
DA:118,0
DA:119,0
DA:121,0
DA:122,0
DA:124,0
DA:125,0
DA:128,0
DA:129,0
DA:130,0
DA:131,0
DA:132,0
DA:133,0
DA:134,0
DA:135,0
DA:136,0
DA:138,0
DA:145,0
DA:146,0
DA:149,0
DA:150,0
DA:151,0
DA:152,0
DA:153,0
DA:155,0
DA:156,0
DA:157,0
DA:158,0
DA:166,0
DA:167,0
DA:170,0
DA:171,0
DA:174,0
DA:175,0
DA:178,0
DA:179,0
DA:182,0
DA:185,0
DA:186,0
DA:187,0
DA:189,0
DA:190,0
DA:191,0
DA:192,0
DA:195,0
DA:198,0
DA:199,0
DA:200,0
DA:202,0
DA:203,0
DA:204,0
DA:205,0
DA:208,0
DA:209,0
DA:210,0
DA:211,0
DA:212,0
DA:213,0
DA:214,0
DA:215,0
DA:216,0
DA:219,0
DA:220,0
DA:221,0
DA:222,0
DA:223,0
DA:224,0
DA:225,0
DA:226,0
DA:227,0
DA:230,0
DA:231,0
DA:234,0
DA:235,0
DA:236,0
DA:239,0
DA:240,0
DA:243,0
DA:244,0
DA:247,0
DA:248,0
DA:251,0
DA:252,0
DA:259,0
DA:260,0
DA:261,0
DA:262,0
DA:263,0
DA:264,0
DA:265,0
DA:267,0
DA:268,0
DA:271,0
DA:272,0
DA:273,0
DA:274,0
DA:277,0
DA:279,0
DA:282,0
DA:283,0
DA:284,0
DA:285,0
DA:286,0
DA:287,0
DA:288,0
DA:290,0
DA:291,0
DA:294,0
DA:295,0
DA:296,0
DA:297,0
DA:300,0
DA:302,0
DA:305,0
DA:306,0
DA:307,0
DA:309,0
DA:310,0
DA:313,0
DA:314,0
DA:317,0
DA:318,0
DA:323,0
DA:324,0
DA:325,0
DA:326,0
DA:327,0
DA:330,0
DA:331,0
DA:334,0
DA:335,0
DA:336,0
DA:337,0
DA:338,0
DA:340,0
DA:345,0
DA:346,0
DA:347,0
DA:348,0
DA:349,0
DA:352,0
DA:353,0
DA:356,0
DA:357,0
DA:358,0
DA:359,0
DA:360,0
DA:362,0
DA:365,0
DA:367,0
DA:375,0
DA:376,0
DA:377,0
DA:378,0
DA:379,0
DA:381,0
DA:382,0
DA:384,0
DA:385,0
DA:390,0
DA:392,0
DA:393,0
DA:396,0
DA:397,0
DA:398,0
DA:400,0
DA:401,0
DA:404,0
DA:405,0
DA:408,0
DA:409,0
DA:410,0
DA:412,0
DA:413,0
DA:414,0
DA:415,0
DA:417,0
DA:418,0
DA:421,0
DA:422,0
DA:424,0
DA:428,0
DA:435,0
DA:436,0
DA:437,0
DA:439,0
DA:440,0
DA:442,0
DA:443,0
DA:446,0
DA:447,0
DA:448,0
DA:450,0
DA:451,0
DA:453,0
DA:454,0
DA:456,0
DA:457,0
DA:460,0
DA:461,0
DA:462,0
DA:463,0
DA:465,0
DA:466,0
DA:469,0
DA:476,0
DA:477,0
DA:478,0
DA:485,0
DA:486,0
DA:487,0
DA:490,0
DA:491,0
DA:492,0
DA:495,0
DA:496,0
DA:501,0
DA:510,0
DA:511,0
DA:512,0
DA:514,0
DA:515,0
DA:517,0
DA:518,0
DA:520,0
DA:521,0
DA:524,0
DA:525,0
DA:526,0
DA:528,0
DA:529,0
DA:530,0
DA:532,0
DA:535,0
DA:536,0
DA:537,0
DA:539,0
DA:540,0
DA:543,0
DA:544,0
DA:545,0
DA:547,0
DA:548,0
DA:549,0
DA:552,0
DA:553,0
DA:556,0
DA:563,0
DA:564,0
DA:565,0
DA:567,0
DA:568,0
DA:571,0
DA:572,0
DA:573,0
DA:574,0
DA:575,0
DA:577,0
DA:580,0
DA:581,0
DA:582,0
DA:584,0
DA:588,0
DA:592,0
DA:595,0
DA:596,0
DA:597,0
DA:599,0
DA:602,0
DA:603,0
DA:604,0
DA:606,0
DA:607,0
DA:609,0
DA:610,0
DA:613,0
DA:616,0
DA:617,0
DA:618,0
DA:622,0
DA:623,0
DA:624,0
DA:628,0
DA:629,0
DA:630,0
DA:633,0
DA:643,0
DA:644,0
DA:651,0
DA:652,0
DA:654,0
DA:659,0
DA:660,0
DA:667,0
DA:668,0
DA:674,0
DA:675,0
DA:681,0
DA:682,0
DA:691,0
DA:692,0
end_of_record

SF:/Users/owenthurm/Desktop/temp/abracadabra-money-contracts/src/mimswap/auxiliary/FeeRateModel.sol
DA:13,0
DA:19,0
DA:20,0
DA:22,0
DA:23,0
DA:24,0
DA:27,0
DA:34,0
DA:35,0
DA:36,0
DA:39,0
DA:46,0
DA:47,0
DA:48,0
DA:51,0
DA:52,0
DA:57,0
DA:58,0
DA:59,0
end_of_record

SF:/Users/owenthurm/Desktop/temp/abracadabra-money-contracts/src/mimswap/auxiliary/FeeRateModelImpl.sol
DA:7,0
DA:9,0
DA:13,0
DA:14,0
DA:15,0
end_of_record

SF:/Users/owenthurm/Desktop/temp/abracadabra-money-contracts/src/mimswap/interfaces/ICallee.sol
end_of_record

SF:/Users/owenthurm/Desktop/temp/abracadabra-money-contracts/src/mimswap/interfaces/IFactory.sol
end_of_record

SF:/Users/owenthurm/Desktop/temp/abracadabra-money-contracts/src/mimswap/interfaces/IFeeRateModel.sol
end_of_record

SF:/Users/owenthurm/Desktop/temp/abracadabra-money-contracts/src/mimswap/interfaces/IMagicLP.sol
end_of_record

SF:/Users/owenthurm/Desktop/temp/abracadabra-money-contracts/src/mimswap/libraries/DecimalMath.sol
DA:17,0
DA:20,2
DA:21,0
DA:23,8
DA:24,14
DA:27,0
DA:28,0
DA:31,2
DA:32,5
DA:35,0
DA:36,0
DA:39,0
DA:40,0
end_of_record

SF:/Users/owenthurm/Desktop/temp/abracadabra-money-contracts/src/mimswap/libraries/Math.sol
DA:16,0
DA:19,0
DA:20,0
DA:21,0
DA:22,0
DA:23,0
DA:25,0
DA:29,0
DA:30,0
DA:31,0
DA:32,0
DA:33,0
DA:34,0
DA:51,0
DA:52,0
DA:53,0
DA:56,0
DA:58,0
DA:59,0
DA:62,0
DA:63,0
DA:64,0
DA:79,0
DA:80,0
DA:81,0
DA:89,0
DA:90,0
DA:92,0
DA:93,0
DA:94,0
DA:95,0
DA:96,0
DA:97,0
DA:99,0
DA:101,0
DA:103,0
DA:131,0
DA:132,0
DA:133,0
DA:136,0
DA:137,0
DA:140,0
DA:141,0
DA:144,0
DA:151,0
DA:152,0
DA:153,0
DA:154,0
DA:155,0
DA:156,0
DA:158,0
DA:160,0
DA:170,0
DA:171,0
DA:173,0
DA:174,0
DA:175,0
DA:176,0
DA:178,0
DA:179,0
DA:181,0
DA:184,0
DA:185,0
DA:188,0
DA:189,0
DA:190,0
DA:191,0
DA:192,0
DA:193,0
DA:196,0
DA:199,0
DA:200,0
DA:201,0
DA:203,0
end_of_record

SF:/Users/owenthurm/Desktop/temp/abracadabra-money-contracts/src/mimswap/libraries/PMMPricing.sol
DA:20,0
DA:39,0
DA:40,0
DA:43,0
DA:44,0
DA:45,0
DA:46,0
DA:47,0
DA:50,0
DA:52,0
DA:53,0
DA:54,0
DA:57,0
DA:59,0
DA:61,0
DA:62,0
DA:65,0
DA:66,0
DA:71,0
DA:72,0
DA:76,0
DA:77,0
DA:78,0
DA:79,0
DA:80,0
DA:81,0
DA:83,0
DA:84,0
DA:85,0
DA:86,0
DA:87,0
DA:88,0
DA:89,0
DA:90,0
DA:92,0
DA:93,0
DA:94,0
DA:96,0
DA:97,0
DA:104,0
DA:111,0
DA:116,0
DA:119,0
DA:126,0
DA:129,0
DA:134,0
DA:141,0
DA:144,0
DA:147,0
DA:154,0
DA:157,0
DA:162,0
DA:169,0
DA:172,0
DA:175,0
DA:182,0
DA:185,0
DA:190,0
DA:191,0
DA:192,0
DA:193,0
DA:194,0
DA:195,0
DA:196,0
DA:197,0
DA:198,0
DA:203,0
DA:204,0
DA:205,0
DA:206,0
DA:207,0
DA:209,0
DA:210,0
DA:211,0
end_of_record

SF:/Users/owenthurm/Desktop/temp/abracadabra-money-contracts/src/mimswap/periphery/Factory.sol
DA:11,61
DA:32,0
DA:33,11
DA:35,27
DA:36,0
DA:37,0
DA:39,0
DA:40,0
DA:41,0
DA:43,0
DA:44,0
DA:46,0
DA:47,0
DA:54,0
DA:55,0
DA:58,0
DA:59,0
DA:66,0
DA:74,0
DA:75,0
DA:76,0
DA:77,0
DA:78,0
DA:79,0
DA:83,20
DA:90,4
DA:91,2
DA:93,13
DA:94,10
DA:95,38
DA:99,5
DA:105,30
DA:106,8
DA:113,0
DA:114,0
DA:115,0
DA:118,0
DA:119,0
DA:122,0
DA:123,0
DA:124,0
DA:127,0
DA:128,0
DA:133,0
DA:134,0
DA:137,0
DA:143,0
DA:144,0
DA:145,0
DA:146,0
DA:148,0
DA:149,0
DA:151,0
DA:152,0
DA:155,0
DA:156,0
DA:157,0
DA:159,0
DA:166,6
DA:167,57
DA:168,36
DA:169,18
DA:171,12
DA:174,2
DA:183,27
end_of_record

SF:/Users/owenthurm/Desktop/temp/abracadabra-money-contracts/src/mimswap/periphery/PrivateRouter.sol
DA:12,0
DA:13,0
DA:15,0
DA:25,0
DA:26,0
DA:29,0
DA:38,0
DA:39,0
DA:42,0
DA:49,0
DA:50,0
DA:53,0
DA:60,0
DA:61,0
DA:64,0
DA:71,0
DA:72,0
DA:75,0
DA:81,0
DA:82,0
DA:85,0
DA:92,0
DA:93,0
DA:96,0
DA:103,0
DA:104,0
DA:107,0
DA:114,0
DA:115,0
DA:118,0
DA:124,0
DA:125,0
DA:128,0
DA:135,0
DA:136,0
DA:139,0
DA:145,0
DA:146,0
DA:149,0
DA:154,0
DA:155,0
DA:158,0
DA:164,0
DA:165,0
DA:168,0
DA:174,0
DA:175,0
DA:178,0
DA:183,0
DA:184,0
DA:187,0
DA:193,0
DA:194,0
end_of_record

SF:/Users/owenthurm/Desktop/temp/abracadabra-money-contracts/src/mimswap/periphery/Router.sol
DA:19,123
DA:39,1
DA:41,0
DA:42,0
DA:46,0
DA:47,0
DA:48,0
DA:51,0
DA:52,0
DA:56,28
DA:57,0
DA:59,1
DA:63,366
DA:64,0
DA:66,1
DA:69,17
DA:79,2
DA:80,89
DA:82,59
DA:84,8
DA:85,8
DA:86,0
DA:89,19
DA:98,2
DA:99,7
DA:100,63
DA:102,63
DA:105,62
DA:106,9
DA:107,9
DA:114,41
DA:115,11
DA:116,9
DA:117,35
DA:120,0
DA:124,0
DA:125,0
DA:126,0
DA:127,0
DA:129,0
DA:130,0
DA:133,0
DA:136,25
DA:144,2
DA:145,3
DA:146,5
DA:147,64
DA:149,75
DA:150,41
DA:152,7
DA:153,8
DA:155,6
DA:156,15
DA:159,61
DA:161,8
DA:162,6
DA:163,0
DA:166,61
DA:168,22
DA:169,3
DA:170,8
DA:172,6
DA:173,17
DA:176,8
DA:177,1
DA:178,0
DA:179,0
DA:180,0
DA:181,0
DA:182,0
DA:183,0
DA:185,0
DA:186,0
DA:187,0
DA:192,34
DA:202,1
DA:203,2
DA:204,3
DA:206,15
DA:208,34
DA:209,34
DA:211,9
DA:214,17
DA:221,4
DA:222,34
DA:223,34
DA:225,6
DA:228,0
DA:240,0
DA:241,0
DA:242,0
DA:243,0
DA:244,0
DA:245,0
DA:246,0
DA:247,0
DA:248,0
DA:249,0
DA:252,0
DA:253,0
DA:257,0
DA:260,0
DA:261,0
DA:264,0
DA:265,0
DA:268,0
DA:270,0
DA:273,0
DA:279,0
DA:280,0
DA:281,0
DA:282,0
DA:283,0
DA:284,0
DA:287,0
DA:288,0
DA:290,0
DA:292,0
DA:295,17
DA:298,4
DA:299,35
DA:300,35
DA:302,61
DA:304,11
DA:305,0
DA:308,0
DA:316,0
DA:318,0
DA:321,0
DA:328,0
DA:329,0
DA:331,0
DA:332,0
DA:333,0
DA:334,0
DA:336,0
DA:342,0
DA:343,0
DA:345,0
DA:355,0
DA:356,0
DA:358,0
DA:361,0
DA:368,0
DA:369,0
DA:371,0
DA:374,0
DA:375,0
DA:377,0
DA:380,0
DA:383,0
DA:389,0
DA:390,0
DA:392,0
DA:393,0
DA:395,0
DA:396,0
DA:398,0
DA:402,0
DA:403,0
DA:406,0
DA:407,0
DA:409,0
DA:412,0
DA:419,0
DA:420,0
DA:422,0
DA:423,0
DA:424,0
DA:426,0
DA:427,0
DA:429,0
DA:432,0
DA:433,0
DA:436,0
DA:439,0
DA:440,0
DA:442,0
DA:445,0
DA:446,0
DA:448,0
DA:451,17
DA:457,4
DA:458,34
DA:459,6
DA:462,0
DA:467,0
DA:468,0
DA:470,0
DA:471,0
DA:474,0
DA:475,0
DA:476,0
DA:479,0
DA:485,0
DA:486,0
DA:487,0
DA:490,0
DA:491,0
DA:496,17
DA:502,4
DA:503,34
DA:505,6
DA:508,0
DA:513,0
DA:514,0
DA:516,0
DA:517,0
DA:520,0
DA:521,0
DA:522,0
DA:525,0
DA:531,0
DA:532,0
DA:533,0
DA:536,35
DA:537,0
DA:538,0
DA:539,0
DA:546,3
DA:547,67
DA:549,6
DA:550,8
DA:556,8
DA:560,6
DA:561,64
DA:562,42
DA:563,41
DA:565,7
DA:566,8
DA:568,66
DA:569,61
DA:570,17
DA:571,3
DA:572,8
DA:574,1
DA:575,0
DA:576,0
DA:577,0
DA:578,0
DA:579,0
DA:581,0
DA:582,0
DA:588,0
DA:589,0
DA:591,0
DA:592,0
DA:593,0
DA:594,0
DA:597,0
DA:599,0
DA:602,0
DA:605,0
DA:608,0
DA:612,0
DA:613,0
DA:615,0
DA:618,0
DA:619,0
DA:623,3
DA:624,14
DA:630,9
DA:631,37
DA:633,1
DA:634,8
DA:638,0
DA:639,0
DA:642,0
DA:643,0
DA:645,0
DA:646,0
DA:650,5
DA:651,16
DA:652,0
DA:655,29
DA:657,6
DA:658,13
end_of_record

SF:/Users/owenthurm/Desktop/temp/abracadabra-money-contracts/src/mixins/Create3Factory.sol
DA:6,0
DA:9,0
DA:10,0
DA:11,0
DA:14,0
DA:15,0
DA:19,0
end_of_record

SF:/Users/owenthurm/Desktop/temp/abracadabra-money-contracts/src/mixins/FeeCollectable.sol
DA:16,0
DA:18,0
DA:19,0
DA:22,0
DA:23,0
DA:28,0
DA:29,0
DA:30,0
DA:33,0
DA:35,0
DA:36,0
DA:39,0
DA:40,0
DA:41,0
end_of_record

SF:/Users/owenthurm/Desktop/temp/abracadabra-money-contracts/src/mixins/LzApp.sol
DA:15,0
DA:17,0
DA:18,0
DA:19,0
DA:20,0
DA:21,0
DA:28,0
DA:29,0
DA:32,0
DA:34,0
DA:36,0
DA:38,0
DA:39,0
DA:43,0
DA:49,0
DA:56,0
DA:57,0
DA:58,0
DA:59,0
DA:60,0
DA:63,0
DA:64,0
DA:65,0
DA:66,0
DA:67,0
DA:70,0
DA:71,0
DA:73,0
DA:77,0
DA:78,0
DA:79,0
DA:83,0
DA:87,0
DA:88,0
DA:92,0
DA:93,0
DA:96,0
DA:97,0
DA:100,0
DA:101,0
DA:104,0
DA:105,0
DA:110,0
DA:111,0
DA:112,0
DA:115,0
DA:116,0
DA:117,0
DA:120,0
DA:121,0
DA:122,0
DA:123,0
DA:126,0
DA:127,0
DA:128,0
DA:131,0
DA:132,0
DA:133,0
DA:134,0
DA:138,0
DA:139,0
DA:143,0
DA:144,0
DA:145,0
end_of_record

SF:/Users/owenthurm/Desktop/temp/abracadabra-money-contracts/src/mixins/LzNonblockingApp.sol
DA:15,0
DA:17,0
DA:23,0
DA:29,0
DA:30,0
DA:31,0
DA:32,0
DA:35,0
DA:36,0
DA:40,0
DA:47,0
DA:48,0
DA:51,0
DA:53,0
DA:54,0
DA:66,0
DA:68,0
DA:69,0
DA:70,0
DA:72,0
DA:74,0
DA:75,0
end_of_record

SF:/Users/owenthurm/Desktop/temp/abracadabra-money-contracts/src/mixins/MasterContractManager.sol
DA:13,0
DA:19,0
DA:21,0
DA:23,0
DA:26,0
DA:30,0
DA:37,0
DA:40,0
DA:42,0
DA:46,0
DA:50,0
DA:53,0
DA:55,0
DA:59,0
DA:60,0
DA:61,0
DA:65,0
DA:67,0
DA:70,0
DA:71,0
DA:84,0
DA:86,0
DA:89,0
DA:90,0
DA:91,0
DA:92,0
DA:93,0
DA:97,0
DA:105,0
DA:106,0
DA:107,0
DA:108,0
DA:109,0
DA:110,0
DA:112,0
DA:113,0
DA:114,0
DA:115,0
DA:116,0
DA:117,0
DA:118,0
DA:123,0
DA:124,0
DA:128,0
DA:129,0
end_of_record

SF:/Users/owenthurm/Desktop/temp/abracadabra-money-contracts/src/mixins/OFTWrapper.sol
DA:10,0
DA:13,0
DA:14,0
DA:15,0
DA:16,0
DA:18,0
DA:19,0
DA:26,0
DA:27,0
DA:28,0
DA:29,0
DA:30,0
DA:31,0
DA:32,0
DA:33,0
DA:34,0
DA:37,0
DA:38,0
DA:39,0
DA:42,0
DA:43,0
DA:44,0
DA:45,0
DA:48,0
DA:49,0
DA:50,0
DA:51,0
DA:54,0
DA:55,0
DA:56,0
DA:57,0
DA:60,0
DA:61,0
DA:62,0
DA:63,0
DA:64,0
DA:67,0
DA:72,0
DA:73,0
DA:74,0
DA:75,0
DA:76,0
DA:79,0
DA:85,0
DA:86,0
DA:87,0
DA:88,0
DA:89,0
DA:92,0
DA:97,0
DA:98,0
DA:99,0
DA:102,0
DA:103,0
DA:104,0
DA:106,0
DA:110,0
DA:111,0
DA:114,0
DA:115,0
end_of_record

SF:/Users/owenthurm/Desktop/temp/abracadabra-money-contracts/src/mixins/Operatable.sol
DA:6,0
DA:10,0
DA:12,0
DA:15,0
DA:16,0
DA:21,0
DA:22,0
DA:23,0
end_of_record

SF:/Users/owenthurm/Desktop/temp/abracadabra-money-contracts/src/mixins/OperatableV2.sol
DA:13,0
DA:17,0
DA:19,0
DA:22,0
DA:23,0
DA:25,0
DA:28,0
DA:29,0
DA:30,0
end_of_record

SF:/Users/owenthurm/Desktop/temp/abracadabra-money-contracts/src/mixins/OperatableV3.sol
DA:13,0
DA:18,0
DA:19,0
DA:24,0
DA:25,0
DA:26,0
DA:29,0
DA:30,0
end_of_record

SF:/Users/owenthurm/Desktop/temp/abracadabra-money-contracts/src/mixins/Whitelister.sol
DA:8,0
DA:11,0
DA:13,0
DA:14,0
DA:16,0
DA:17,0
DA:18,0
DA:19,0
DA:22,0
DA:23,0
DA:25,0
DA:29,0
DA:30,0
DA:34,0
DA:36,0
DA:37,0
DA:39,0
DA:41,0
DA:43,0
DA:46,0
DA:47,0
DA:48,0
DA:49,0
end_of_record

SF:/Users/owenthurm/Desktop/temp/abracadabra-money-contracts/src/oracles/ChainlinkOracle.sol
DA:7,0
DA:8,0
DA:9,0
DA:10,0
DA:17,0
DA:18,0
DA:19,0
DA:21,0
DA:23,0
DA:24,0
DA:27,0
DA:28,0
DA:33,0
DA:34,0
DA:45,0
DA:46,0
DA:55,0
DA:56,0
end_of_record

SF:/Users/owenthurm/Desktop/temp/abracadabra-money-contracts/src/oracles/FixedPriceOracle.sol
DA:7,0
DA:10,0
DA:11,0
DA:12,0
DA:14,0
DA:15,0
DA:16,0
DA:17,0
DA:20,0
DA:21,0
DA:22,0
DA:25,0
DA:26,0
DA:30,0
DA:31,0
DA:40,0
DA:41,0
DA:50,0
DA:51,0
end_of_record

SF:/Users/owenthurm/Desktop/temp/abracadabra-money-contracts/src/oracles/FloorPriceOracle.sol
DA:9,0
DA:10,0
DA:11,0
DA:12,0
DA:13,0
DA:15,0
DA:16,0
DA:17,0
DA:18,0
DA:19,0
DA:22,0
DA:23,0
DA:26,0
DA:27,0
DA:30,0
DA:31,0
DA:32,0
DA:36,0
DA:37,0
DA:46,0
DA:47,0
DA:56,0
DA:57,0
end_of_record

SF:/Users/owenthurm/Desktop/temp/abracadabra-money-contracts/src/oracles/GmOracleWithAggregator.sol
DA:10,0
DA:12,0
DA:13,0
DA:14,0
DA:15,0
DA:16,0
DA:17,0
DA:18,0
DA:26,0
DA:34,0
DA:35,0
DA:36,0
DA:37,0
DA:38,0
DA:39,0
DA:40,0
DA:41,0
DA:44,0
DA:45,0
DA:46,0
DA:49,0
DA:50,0
DA:53,0
DA:54,0
DA:55,0
DA:57,0
DA:58,0
DA:59,0
DA:60,0
DA:61,0
DA:62,0
DA:64,0
DA:68,0
DA:72,0
DA:73,0
DA:82,0
DA:83,0
DA:92,0
DA:93,0
end_of_record

SF:/Users/owenthurm/Desktop/temp/abracadabra-money-contracts/src/oracles/InverseOracle.sol
DA:9,0
DA:10,0
DA:11,0
DA:12,0
DA:19,0
DA:20,0
DA:21,0
DA:23,0
DA:25,0
DA:26,0
DA:27,0
DA:29,0
DA:32,0
DA:33,0
DA:38,0
DA:39,0
DA:50,0
DA:51,0
DA:60,0
DA:61,0
end_of_record

SF:/Users/owenthurm/Desktop/temp/abracadabra-money-contracts/src/oracles/MagicGlpOracle.sol
DA:9,0
DA:12,0
DA:14,0
DA:15,0
DA:16,0
DA:17,0
DA:20,0
DA:21,0
DA:24,0
DA:25,0
DA:26,0
DA:31,0
DA:32,0
DA:43,0
DA:44,0
DA:48,0
DA:49,0
DA:53,0
DA:54,0
end_of_record

SF:/Users/owenthurm/Desktop/temp/abracadabra-money-contracts/src/oracles/MagicVaultOracle.sol
DA:10,0
DA:11,0
DA:12,0
DA:13,0
DA:20,0
DA:21,0
DA:22,0
DA:23,0
DA:24,0
DA:25,0
DA:28,0
DA:29,0
DA:32,0
DA:33,0
DA:38,0
DA:39,0
DA:50,0
DA:51,0
DA:60,0
DA:61,0
end_of_record

SF:/Users/owenthurm/Desktop/temp/abracadabra-money-contracts/src/oracles/ProxyOracle.sol
DA:10,0
DA:11,0
DA:15,0
DA:17,0
DA:18,0
DA:19,0
DA:20,0
DA:23,0
DA:24,0
DA:29,0
DA:30,0
DA:35,0
DA:36,0
DA:41,0
DA:42,0
DA:46,0
DA:47,0
DA:51,0
DA:52,0
end_of_record

SF:/Users/owenthurm/Desktop/temp/abracadabra-money-contracts/src/oracles/StargateLPOracle.sol
DA:8,0
DA:9,0
DA:10,0
DA:12,0
DA:15,0
DA:16,0
DA:17,0
DA:18,0
DA:19,0
DA:22,0
DA:23,0
DA:26,0
DA:27,0
DA:28,0
DA:32,0
DA:33,0
DA:42,0
DA:43,0
DA:52,0
DA:53,0
end_of_record

SF:/Users/owenthurm/Desktop/temp/abracadabra-money-contracts/src/oracles/YearnCurvePoolOracle.sol
DA:10,0
DA:11,0
DA:12,0
DA:13,0
DA:16,0
DA:17,0
DA:18,0
DA:20,0
DA:21,0
DA:22,0
DA:24,0
DA:27,0
DA:28,0
DA:31,0
DA:32,0
DA:36,0
DA:37,0
DA:46,0
DA:47,0
DA:56,0
DA:57,0
end_of_record

SF:/Users/owenthurm/Desktop/temp/abracadabra-money-contracts/src/oracles/YearnTriCryptoOracle.sol
DA:11,0
DA:12,0
DA:13,0
DA:15,0
DA:16,0
DA:17,0
DA:20,0
DA:21,0
DA:26,0
DA:27,0
DA:32,0
DA:33,0
DA:44,0
DA:45,0
DA:54,0
DA:55,0
end_of_record

SF:/Users/owenthurm/Desktop/temp/abracadabra-money-contracts/src/oracles/aggregators/CurveStablePoolAggregator.sol
DA:11,0
DA:12,0
DA:13,0
DA:14,0
DA:16,0
DA:17,0
DA:18,0
DA:21,0
DA:22,0
DA:23,0
DA:25,0
DA:29,0
DA:30,0
DA:33,0
DA:34,0
DA:37,0
DA:38,0
DA:40,0
DA:41,0
DA:42,0
DA:43,0
DA:46,0
DA:50,0
DA:53,0
DA:54,0
end_of_record

SF:/Users/owenthurm/Desktop/temp/abracadabra-money-contracts/src/oracles/aggregators/MagicLpAggregator.sol
DA:9,0
DA:10,0
DA:11,0
DA:12,0
DA:13,0
DA:14,0
DA:16,0
DA:21,0
DA:22,0
DA:23,0
DA:24,0
DA:25,0
DA:26,0
DA:29,0
DA:30,0
DA:33,0
DA:34,0
DA:37,0
DA:38,0
DA:39,0
DA:40,0
DA:42,0
DA:43,0
DA:44,0
DA:45,0
DA:48,0
DA:49,0
end_of_record

SF:/Users/owenthurm/Desktop/temp/abracadabra-money-contracts/src/oracles/aggregators/RedstoneAggregator.sol
DA:10,0
DA:13,0
DA:14,0
DA:15,0
DA:16,0
DA:18,0
DA:19,0
DA:20,0
DA:21,0
DA:24,0
DA:25,0
DA:28,0
DA:29,0
DA:31,0
DA:32,0
DA:35,0
end_of_record

SF:/Users/owenthurm/Desktop/temp/abracadabra-money-contracts/src/oracles/aggregators/TokenAggregator.sol
DA:8,0
DA:11,0
DA:12,0
DA:14,0
DA:15,0
DA:17,0
DA:19,0
DA:20,0
DA:21,0
DA:23,0
DA:24,0
DA:26,0
DA:29,0
DA:30,0
DA:33,0
DA:34,0
DA:35,0
DA:37,0
DA:38,0
DA:41,0
DA:42,0
DA:44,0
DA:47,0
DA:48,0
end_of_record

SF:/Users/owenthurm/Desktop/temp/abracadabra-money-contracts/src/oracles/aggregators/UmbrellaAggregator.sol
DA:13,0
DA:14,0
DA:16,0
DA:17,0
DA:19,0
DA:20,0
DA:21,0
DA:24,0
DA:25,0
DA:28,0
DA:29,0
DA:32,0
DA:33,0
DA:34,0
DA:37,0
DA:38,0
end_of_record

SF:/Users/owenthurm/Desktop/temp/abracadabra-money-contracts/src/oracles/aggregators/UniswapLikeLPAggregator.sol
DA:14,0
DA:17,0
DA:18,0
DA:19,0
DA:20,0
DA:21,0
DA:23,0
DA:27,0
DA:28,0
DA:29,0
DA:31,0
DA:32,0
DA:34,0
DA:37,0
DA:38,0
DA:49,0
DA:50,0
DA:51,0
DA:53,0
DA:54,0
DA:56,0
DA:57,0
DA:59,0
DA:61,0
DA:62,0
DA:65,0
DA:66,0
end_of_record

SF:/Users/owenthurm/Desktop/temp/abracadabra-money-contracts/src/oracles/aggregators/WitnetAggregator.sol
DA:9,0
DA:10,0
DA:11,0
DA:12,0
DA:14,0
DA:15,0
DA:16,0
DA:17,0
DA:20,0
DA:21,0
DA:24,0
DA:25,0
DA:28,0
DA:29,0
DA:30,0
end_of_record

SF:/Users/owenthurm/Desktop/temp/abracadabra-money-contracts/src/periphery/CauldronFeeWithdrawer.sol
DA:13,0
DA:24,0
DA:38,0
DA:39,0
DA:40,0
DA:42,0
DA:47,0
DA:48,0
DA:49,0
DA:51,0
DA:52,0
DA:54,0
DA:55,0
DA:56,0
DA:61,0
DA:62,0
DA:65,0
DA:66,0
DA:69,0
DA:70,0
DA:71,0
DA:73,0
DA:74,0
DA:77,0
DA:78,0
DA:79,0
DA:81,0
DA:82,0
DA:83,0
DA:84,0
DA:87,0
DA:88,0
DA:90,0
DA:91,0
DA:92,0
DA:95,0
DA:98,0
DA:99,0
DA:100,0
DA:104,0
DA:105,0
DA:108,0
DA:109,0
DA:110,0
DA:113,0
DA:116,0
DA:117,0
DA:120,0
DA:121,0
DA:123,0
DA:126,0
DA:127,0
DA:129,0
DA:130,0
DA:131,0
DA:135,0
DA:136,0
DA:137,0
DA:140,0
DA:141,0
DA:144,0
DA:145,0
DA:146,0
DA:150,0
DA:151,0
DA:153,0
DA:154,0
DA:155,0
DA:156,0
DA:157,0
DA:161,0
DA:162,0
DA:163,0
DA:164,0
DA:165,0
DA:166,0
DA:172,0
DA:175,0
DA:176,0
DA:177,0
DA:178,0
DA:179,0
DA:181,0
DA:185,0
DA:186,0
DA:187,0
DA:188,0
DA:190,0
DA:193,0
DA:194,0
DA:196,0
DA:197,0
DA:198,0
DA:199,0
DA:201,0
DA:205,0
DA:206,0
DA:209,0
DA:216,0
DA:217,0
DA:220,0
DA:222,0
end_of_record

SF:/Users/owenthurm/Desktop/temp/abracadabra-money-contracts/src/periphery/CauldronOwner.sol
DA:11,0
DA:20,0
DA:22,0
DA:23,0
DA:25,0
DA:28,0
DA:29,0
DA:34,0
DA:35,0
DA:36,0
DA:38,0
DA:41,0
DA:42,0
DA:45,0
DA:46,0
DA:49,0
DA:50,0
DA:51,0
DA:54,0
DA:55,0
DA:56,0
DA:59,0
DA:60,0
DA:63,0
DA:64,0
DA:65,0
DA:66,0
DA:69,0
DA:72,0
DA:73,0
DA:74,0
DA:77,0
DA:80,0
DA:81,0
DA:83,0
DA:86,0
DA:87,0
DA:90,0
DA:91,0
DA:92,0
DA:95,0
DA:96,0
DA:97,0
DA:100,0
DA:101,0
DA:104,0
DA:105,0
DA:109,0
DA:111,0
end_of_record

SF:/Users/owenthurm/Desktop/temp/abracadabra-money-contracts/src/periphery/CauldronRegistry.sol
DA:7,0
DA:14,0
DA:17,0
DA:19,0
DA:20,0
DA:21,0
DA:23,0
DA:24,0
DA:27,0
DA:28,0
DA:31,0
DA:32,0
DA:33,0
DA:37,0
DA:38,0
DA:39,0
DA:42,0
DA:43,0
DA:46,0
DA:47,0
DA:49,0
DA:50,0
DA:53,0
DA:54,0
DA:55,0
DA:58,0
DA:59,0
DA:60,0
DA:61,0
DA:63,0
DA:64,0
DA:65,0
DA:66,0
DA:71,0
DA:72,0
end_of_record

SF:/Users/owenthurm/Desktop/temp/abracadabra-money-contracts/src/periphery/DegenBoxConvexWrapper.sol
DA:12,0
DA:19,0
DA:20,0
DA:21,0
DA:23,0
DA:24,0
DA:25,0
DA:26,0
DA:29,0
DA:30,0
DA:31,0
DA:34,0
DA:35,0
DA:36,0
end_of_record

SF:/Users/owenthurm/Desktop/temp/abracadabra-money-contracts/src/periphery/DegenBoxERC4626Wrapper.sol
DA:12,0
DA:19,0
DA:20,0
DA:21,0
DA:23,0
DA:24,0
DA:26,0
DA:29,0
DA:30,0
DA:31,0
DA:34,0
DA:35,0
DA:36,0
end_of_record

SF:/Users/owenthurm/Desktop/temp/abracadabra-money-contracts/src/periphery/ElevatedMinterBurner.sol
DA:9,0
DA:10,0
DA:12,0
DA:13,0
DA:16,0
DA:17,0
DA:20,0
DA:21,0
DA:24,0
DA:25,0
DA:26,0
DA:27,0
DA:29,0
end_of_record

SF:/Users/owenthurm/Desktop/temp/abracadabra-money-contracts/src/periphery/EpochBasedRewardDistributor.sol
DA:26,0
DA:37,0
DA:39,0
DA:40,0
DA:42,0
DA:44,0
DA:45,0
DA:46,0
DA:47,0
DA:54,0
DA:55,0
DA:62,0
DA:63,0
DA:64,0
DA:65,0
DA:68,0
DA:69,0
DA:71,0
DA:73,0
DA:76,0
DA:77,0
DA:78,0
DA:81,0
DA:83,0
DA:84,0
DA:85,0
DA:87,0
DA:89,0
DA:90,0
DA:94,0
DA:95,0
DA:102,0
DA:103,0
DA:104,0
DA:105,0
DA:108,0
DA:109,0
DA:110,0
end_of_record

SF:/Users/owenthurm/Desktop/temp/abracadabra-money-contracts/src/periphery/GmxV2CauldronOrderAgent.sol
DA:61,0
DA:77,0
DA:78,0
DA:79,0
DA:80,0
DA:81,0
DA:83,0
DA:84,0
DA:85,0
DA:86,0
DA:87,0
DA:88,0
DA:89,0
DA:90,0
DA:91,0
DA:93,0
DA:94,0
DA:95,0
DA:96,0
DA:97,0
DA:98,0
DA:99,0
DA:100,0
DA:101,0
DA:102,0
DA:104,0
DA:105,0
DA:106,0
DA:109,0
DA:110,0
DA:116,0
DA:117,0
DA:123,0
DA:129,0
DA:130,0
DA:133,0
DA:134,0
DA:138,0
DA:146,0
DA:147,0
DA:148,0
DA:149,0
DA:150,0
DA:151,0
DA:152,0
DA:153,0
DA:154,0
DA:157,0
DA:158,0
DA:159,0
DA:162,0
DA:163,0
DA:166,0
DA:167,0
DA:168,0
DA:170,0
DA:171,0
DA:173,0
DA:174,0
DA:175,0
DA:177,0
DA:178,0
DA:181,0
DA:182,0
DA:183,0
DA:185,0
DA:187,0
DA:188,0
DA:189,0
DA:192,0
DA:193,0
DA:194,0
DA:195,0
DA:196,0
DA:197,0
DA:198,0
DA:199,0
DA:202,0
DA:203,0
DA:206,0
DA:207,0
DA:211,0
DA:212,0
DA:216,0
DA:217,0
DA:218,0
DA:221,0
DA:222,0
DA:223,0
DA:225,0
DA:229,0
DA:230,0
DA:231,0
DA:233,0
DA:234,0
DA:235,0
DA:236,0
DA:238,0
DA:241,0
DA:242,0
DA:254,0
DA:255,0
DA:257,0
DA:258,0
DA:262,0
DA:263,0
DA:273,0
DA:274,0
DA:275,0
DA:276,0
DA:277,0
DA:278,0
DA:282,0
DA:283,0
DA:284,0
DA:287,0
DA:288,0
DA:291,0
DA:299,0
DA:300,0
DA:302,0
DA:304,0
DA:305,0
DA:306,0
DA:307,0
DA:308,0
DA:309,0
DA:310,0
DA:311,0
DA:312,0
DA:313,0
DA:314,0
DA:315,0
DA:316,0
DA:319,0
DA:322,0
DA:328,0
DA:329,0
DA:331,0
DA:332,0
DA:334,0
DA:336,0
DA:337,0
DA:340,0
DA:341,0
DA:342,0
DA:343,0
DA:344,0
DA:345,0
DA:346,0
DA:347,0
DA:350,0
DA:353,0
DA:354,0
DA:355,0
DA:356,0
DA:357,0
DA:358,0
DA:361,0
DA:367,0
DA:368,0
DA:370,0
DA:373,0
DA:385,0
DA:391,0
DA:398,0
DA:407,0
DA:408,0
DA:409,0
DA:411,0
DA:413,0
DA:414,0
DA:415,0
DA:418,0
DA:419,0
DA:420,0
DA:423,0
DA:424,0
DA:425,0
DA:428,0
DA:429,0
DA:430,0
DA:431,0
DA:433,0
end_of_record

SF:/Users/owenthurm/Desktop/temp/abracadabra-money-contracts/src/periphery/LiquidationHelper.sol
DA:15,0
DA:18,0
DA:20,0
DA:21,0
DA:24,0
DA:25,0
DA:28,0
DA:31,0
DA:32,0
DA:33,0
DA:34,0
DA:35,0
DA:36,0
DA:40,0
DA:44,0
DA:45,0
DA:46,0
DA:47,0
DA:48,0
DA:49,0
DA:54,0
DA:58,0
DA:59,0
DA:63,0
DA:68,0
DA:69,0
DA:70,0
DA:74,0
DA:79,0
DA:80,0
DA:84,0
DA:90,0
DA:91,0
DA:92,0
DA:93,0
DA:94,0
DA:97,0
DA:98,0
DA:100,0
DA:101,0
DA:103,0
DA:104,0
DA:107,0
DA:109,0
DA:110,0
DA:111,0
DA:115,0
DA:116,0
DA:117,0
DA:118,0
DA:119,0
DA:121,0
DA:122,0
DA:123,0
DA:124,0
DA:126,0
DA:131,0
DA:132,0
DA:133,0
DA:134,0
end_of_record

SF:/Users/owenthurm/Desktop/temp/abracadabra-money-contracts/src/periphery/LzMulticallSenderReceiver.sol
DA:9,0
DA:22,0
DA:24,0
DA:26,0
DA:27,0
DA:28,0
DA:31,0
DA:32,0
DA:33,0
DA:36,0
DA:37,0
DA:38,0
DA:40,0
DA:45,0
DA:46,0
DA:47,0
DA:48,0
DA:51,0
DA:52,0
DA:53,0
DA:55,0
DA:59,0
DA:62,0
DA:63,0
end_of_record

SF:/Users/owenthurm/Desktop/temp/abracadabra-money-contracts/src/periphery/LzOFTV2FeeHandler.sol
DA:8,0
DA:29,0
DA:31,0
DA:33,0
DA:34,0
DA:35,0
DA:36,0
DA:37,0
DA:39,0
DA:47,0
DA:48,0
DA:49,0
DA:50,0
DA:51,0
DA:52,0
DA:56,0
DA:62,0
DA:63,0
DA:64,0
DA:65,0
DA:66,0
DA:72,0
DA:73,0
DA:74,0
DA:77,0
DA:78,0
DA:79,0
DA:82,0
DA:83,0
DA:84,0
DA:87,0
DA:88,0
DA:89,0
DA:92,0
DA:93,0
DA:99,0
DA:100,0
DA:101,0
DA:107,0
DA:108,0
DA:109,0
DA:110,0
DA:111,0
end_of_record

SF:/Users/owenthurm/Desktop/temp/abracadabra-money-contracts/src/periphery/MSpellStaking.sol
DA:13,0
DA:35,0
DA:37,0
DA:39,0
DA:42,0
DA:43,0
DA:46,0
DA:48,0
DA:51,0
DA:72,0
DA:73,0
DA:74,0
DA:76,0
DA:77,0
DA:79,0
DA:86,0
DA:87,0
DA:89,0
DA:90,0
DA:91,0
DA:92,0
DA:94,0
DA:96,0
DA:97,0
DA:99,0
DA:100,0
DA:101,0
DA:102,0
DA:103,0
DA:107,0
DA:108,0
DA:116,0
DA:117,0
DA:118,0
DA:119,0
DA:121,0
DA:123,0
DA:124,0
DA:125,0
DA:127,0
DA:134,0
DA:135,0
DA:137,0
DA:139,0
DA:140,0
DA:141,0
DA:143,0
DA:145,0
DA:146,0
DA:148,0
DA:149,0
DA:150,0
DA:153,0
DA:154,0
DA:160,0
DA:161,0
DA:163,0
DA:165,0
DA:168,0
DA:170,0
DA:171,0
DA:178,0
DA:179,0
DA:180,0
DA:183,0
DA:184,0
DA:187,0
DA:189,0
DA:190,0
DA:200,0
DA:201,0
DA:203,0
DA:204,0
DA:205,0
DA:207,0
DA:208,0
DA:217,0
DA:218,0
end_of_record

SF:/Users/owenthurm/Desktop/temp/abracadabra-money-contracts/src/periphery/MagicCurveLpHarvestor.sol
DA:17,0
DA:27,0
DA:30,0
DA:33,0
DA:36,0
DA:39,0
DA:42,0
DA:45,0
DA:46,0
DA:47,0
DA:48,0
DA:49,0
DA:53,0
DA:54,0
DA:58,0
DA:59,0
DA:60,0
DA:64,0
DA:65,0
DA:73,0
DA:74,0
DA:77,0
DA:78,0
DA:79,0
DA:81,0
DA:83,0
DA:84,0
DA:89,0
DA:90,0
DA:94,0
DA:95,0
DA:99,0
DA:100,0
DA:101,0
DA:105,0
DA:106,0
DA:107,0
DA:110,0
DA:111,0
DA:112,0
DA:115,0
DA:119,0
DA:120,0
DA:121,0
DA:122,0
DA:123,0
DA:125,0
DA:126,0
DA:127,0
DA:128,0
DA:129,0
DA:130,0
DA:131,0
DA:132,0
DA:133,0
DA:134,0
DA:135,0
DA:136,0
DA:139,0
DA:140,0
DA:142,0
DA:143,0
DA:146,0
DA:147,0
DA:149,0
end_of_record

SF:/Users/owenthurm/Desktop/temp/abracadabra-money-contracts/src/periphery/MagicCurveLpRewardHandler.sol
DA:11,0
DA:17,0
DA:29,0
DA:30,0
DA:35,0
DA:36,0
DA:37,0
DA:38,0
DA:42,0
DA:43,0
DA:45,0
DA:46,0
DA:48,0
DA:50,0
DA:52,0
DA:53,0
DA:59,0
DA:60,0
DA:61,0
DA:62,0
DA:66,0
DA:67,0
DA:76,0
DA:77,0
DA:81,0
DA:82,0
DA:87,0
DA:88,0
end_of_record

SF:/Users/owenthurm/Desktop/temp/abracadabra-money-contracts/src/periphery/MagicGlpHarvestor.sol
DA:15,0
DA:26,0
DA:28,0
DA:29,0
DA:30,0
DA:32,0
DA:33,0
DA:34,0
DA:36,0
DA:37,0
DA:39,0
DA:41,0
DA:48,0
DA:49,0
DA:50,0
DA:51,0
DA:52,0
DA:54,0
DA:55,0
DA:60,0
DA:61,0
DA:65,0
DA:66,0
DA:67,0
DA:68,0
DA:73,0
DA:75,0
DA:76,0
DA:77,0
DA:78,0
DA:81,0
DA:82,0
DA:84,0
DA:85,0
DA:87,0
DA:88,0
DA:91,0
DA:92,0
DA:93,0
DA:95,0
DA:96,0
DA:97,0
DA:100,0
DA:101,0
DA:103,0
DA:106,0
DA:108,0
DA:111,0
DA:112,0
DA:113,0
DA:116,0
DA:117,0
DA:118,0
DA:121,0
DA:122,0
DA:124,0
end_of_record

SF:/Users/owenthurm/Desktop/temp/abracadabra-money-contracts/src/periphery/MagicGlpRewardHandler.sol
DA:12,0
DA:14,0
DA:19,0
DA:29,0
DA:30,0
DA:41,0
DA:42,0
DA:43,0
DA:46,0
DA:47,0
DA:49,0
DA:50,0
DA:54,0
DA:55,0
DA:56,0
DA:59,0
DA:60,0
DA:68,0
DA:69,0
DA:71,0
DA:72,0
DA:74,0
DA:75,0
DA:77,0
DA:78,0
DA:81,0
DA:86,0
DA:87,0
DA:88,0
DA:90,0
DA:91,0
DA:93,0
DA:94,0
DA:101,0
DA:102,0
DA:103,0
DA:105,0
DA:106,0
DA:109,0
DA:110,0
DA:111,0
DA:117,0
DA:118,0
DA:120,0
DA:121,0
DA:123,0
DA:124,0
DA:127,0
DA:129,0
DA:130,0
DA:131,0
DA:132,0
DA:133,0
end_of_record

SF:/Users/owenthurm/Desktop/temp/abracadabra-money-contracts/src/periphery/MasterContractConfigurationRegistry.sol
DA:12,0
DA:17,0
DA:19,0
DA:21,0
DA:25,0
DA:26,0
DA:29,0
DA:30,0
DA:31,0
DA:33,0
DA:34,0
DA:37,0
DA:38,0
DA:41,0
DA:45,0
DA:46,0
DA:47,0
DA:49,0
DA:50,0
DA:53,0
end_of_record

SF:/Users/owenthurm/Desktop/temp/abracadabra-money-contracts/src/periphery/OracleUpdater.sol
DA:18,0
DA:20,0
DA:21,0
DA:26,0
DA:27,0
DA:28,0
DA:31,0
DA:32,0
DA:33,0
DA:37,0
DA:38,0
DA:39,0
DA:40,0
DA:41,0
DA:43,0
DA:44,0
DA:46,0
DA:47,0
DA:49,0
DA:51,0
DA:52,0
DA:54,0
DA:55,0
DA:57,0
DA:59,0
DA:62,0
DA:64,0
DA:65,0
DA:66,0
DA:67,0
DA:69,0
DA:74,0
DA:76,0
DA:77,0
DA:78,0
DA:80,0
DA:85,0
end_of_record

SF:/Users/owenthurm/Desktop/temp/abracadabra-money-contracts/src/periphery/RepayHelper.sol
DA:11,0
DA:15,0
DA:16,0
DA:17,0
DA:24,0
DA:25,0
DA:31,0
DA:32,0
DA:37,0
DA:38,0
DA:46,0
DA:47,0
DA:48,0
DA:49,0
DA:51,0
DA:57,0
DA:58,0
DA:59,0
DA:61,0
DA:62,0
DA:63,0
DA:66,0
DA:67,0
DA:69,0
DA:70,0
DA:72,0
DA:73,0
DA:76,0
DA:82,0
DA:83,0
DA:84,0
DA:86,0
DA:87,0
DA:88,0
DA:91,0
DA:92,0
DA:94,0
DA:95,0
DA:97,0
DA:98,0
end_of_record

SF:/Users/owenthurm/Desktop/temp/abracadabra-money-contracts/src/periphery/SpellStakingRewardDistributor.sol
DA:13,0
DA:30,0
DA:31,0
DA:33,0
DA:34,0
DA:39,0
DA:40,0
DA:42,0
DA:43,0
DA:44,0
DA:45,0
DA:47,0
DA:51,0
DA:52,0
DA:53,0
DA:54,0
DA:56,0
DA:59,0
DA:60,0
DA:63,0
DA:64,0
DA:66,0
DA:69,0
DA:70,0
DA:71,0
DA:72,0
DA:73,0
DA:74,0
DA:77,0
DA:80,0
DA:83,0
DA:92,0
DA:93,0
DA:96,0
DA:98,0
end_of_record

SF:/Users/owenthurm/Desktop/temp/abracadabra-money-contracts/src/periphery/StargateLPMIMPool.sol
DA:13,0
DA:35,0
DA:36,0
DA:37,0
DA:39,0
DA:41,0
DA:42,0
DA:43,0
DA:46,0
DA:47,0
DA:53,0
DA:54,0
DA:59,0
DA:60,0
DA:61,0
DA:62,0
DA:63,0
DA:66,0
DA:67,0
DA:68,0
DA:71,0
DA:73,0
DA:74,0
DA:76,0
DA:78,0
DA:81,0
DA:82,0
DA:83,0
DA:86,0
DA:89,0
DA:90,0
DA:94,0
DA:95,0
DA:96,0
DA:99,0
DA:100,0
DA:101,0
DA:104,0
DA:105,0
DA:106,0
DA:108,0
DA:109,0
DA:112,0
DA:113,0
DA:115,0
DA:117,0
DA:120,0
DA:121,0
DA:123,0
DA:124,0
DA:125,0
DA:135,0
DA:142,0
DA:143,0
DA:144,0
DA:145,0
DA:146,0
DA:147,0
DA:148,0
DA:149,0
DA:153,0
DA:154,0
DA:156,0
DA:157,0
DA:159,0
DA:162,0
DA:163,0
DA:164,0
DA:168,0
DA:169,0
DA:172,0
DA:173,0
DA:174,0
DA:177,0
DA:181,0
DA:183,0
DA:188,0
DA:189,0
end_of_record

SF:/Users/owenthurm/Desktop/temp/abracadabra-money-contracts/src/periphery/StrategyExecutor.sol
DA:10,0
DA:13,0
DA:15,0
DA:17,0
DA:19,0
DA:27,0
DA:28,0
DA:29,0
DA:30,0
DA:31,0
DA:32,0
DA:34,0
DA:35,0
DA:39,0
DA:40,0
DA:43,0
DA:46,0
DA:54,0
DA:55,0
DA:56,0
DA:57,0
DA:58,0
DA:59,0
DA:60,0
DA:61,0
DA:66,0
DA:74,0
end_of_record

SF:/Users/owenthurm/Desktop/temp/abracadabra-money-contracts/src/periphery/TriCryptoUpdator.sol
DA:16,0
DA:20,0
DA:21,0
DA:22,0
DA:24,0
DA:26,0
DA:27,0
DA:28,0
DA:30,0
DA:31,0
DA:32,0
DA:33,0
DA:36,0
DA:37,0
DA:38,0
DA:39,0
DA:42,0
DA:43,0
DA:45,0
DA:46,0
DA:48,0
DA:49,0
DA:51,0
DA:52,0
DA:53,0
DA:54,0
DA:55,0
DA:57,0
DA:60,0
end_of_record

SF:/Users/owenthurm/Desktop/temp/abracadabra-money-contracts/src/periphery/precrime/BaseOFTV2View.sol
DA:16,0
DA:17,0
DA:18,0
DA:21,0
DA:24,0
DA:25,0
DA:26,0
DA:28,0
DA:29,0
DA:30,0
DA:33,0
DA:34,0
DA:35,0
DA:38,0
DA:39,0
DA:40,0
DA:43,0
DA:44,0
DA:45,0
DA:49,0
DA:50,0
DA:54,0
DA:56,0
DA:57,0
DA:61,0
DA:64,0
end_of_record

SF:/Users/owenthurm/Desktop/temp/abracadabra-money-contracts/src/periphery/precrime/IndirectOFTV2View.sol
DA:8,0
DA:9,0
DA:11,0
DA:16,0
DA:17,0
DA:18,0
DA:21,0
DA:22,0
DA:25,0
DA:29,0
DA:30,0
end_of_record

SF:/Users/owenthurm/Desktop/temp/abracadabra-money-contracts/src/periphery/precrime/PreCrimeView.sol
DA:7,0
DA:10,0
DA:14,0
DA:15,0
DA:19,0
DA:20,0
DA:22,0
DA:27,0
DA:30,0
DA:32,0
DA:33,0
DA:34,0
DA:35,0
DA:37,0
DA:38,0
DA:39,0
DA:40,0
DA:43,0
DA:44,0
DA:45,0
DA:48,0
DA:49,0
DA:52,0
DA:53,0
DA:61,0
DA:62,0
DA:63,0
DA:64,0
DA:67,0
DA:69,0
DA:70,0
DA:71,0
DA:81,0
DA:84,0
DA:85,0
DA:86,0
DA:87,0
DA:88,0
DA:89,0
DA:90,0
DA:93,0
DA:94,0
DA:95,0
DA:98,0
DA:107,0
DA:109,0
DA:110,0
DA:111,0
DA:114,0
DA:115,0
DA:116,0
DA:120,0
DA:124,0
DA:125,0
DA:126,0
DA:127,0
DA:132,0
DA:133,0
DA:136,0
DA:137,0
DA:139,0
DA:140,0
DA:141,0
DA:142,0
DA:143,0
DA:145,0
DA:146,0
DA:150,0
DA:151,0
DA:156,0
DA:159,0
DA:162,0
DA:164,0
DA:165,0
DA:166,0
DA:167,0
DA:168,0
DA:169,0
DA:170,0
DA:171,0
DA:174,0
DA:175,0
DA:180,0
DA:181,0
DA:182,0
DA:183,0
DA:184,0
DA:187,0
DA:188,0
DA:191,0
DA:200,0
DA:201,0
DA:203,0
DA:204,0
DA:205,0
DA:208,0
DA:217,0
DA:218,0
DA:219,0
DA:221,0
DA:222,0
DA:223,0
DA:224,0
DA:225,0
DA:227,0
DA:229,0
DA:233,0
DA:234,0
DA:237,0
DA:243,0
DA:245,0
DA:246,0
DA:252,0
DA:253,0
DA:259,0
DA:260,0
end_of_record

SF:/Users/owenthurm/Desktop/temp/abracadabra-money-contracts/src/periphery/precrime/ProxyOFTV2View.sol
DA:8,0
DA:11,0
DA:13,0
DA:18,0
DA:19,0
DA:20,0
DA:23,0
DA:25,0
DA:26,0
DA:29,0
DA:32,0
DA:33,0
DA:36,0
DA:37,0
end_of_record

SF:/Users/owenthurm/Desktop/temp/abracadabra-money-contracts/src/staking/LockingMultiRewards.sol
DA:14,0
DA:78,0
DA:80,0
DA:81,0
DA:83,0
DA:84,0
DA:85,0
DA:86,0
DA:87,0
DA:94,0
DA:95,0
DA:96,0
DA:98,0
DA:100,0
DA:101,0
DA:102,0
DA:103,0
DA:112,0
DA:119,0
DA:120,0
DA:123,0
DA:124,0
DA:127,0
DA:128,0
DA:131,0
DA:132,0
DA:135,0
DA:136,0
DA:137,0
DA:138,0
DA:144,0
DA:150,0
DA:151,0
DA:155,0
DA:156,0
DA:157,0
DA:160,0
DA:162,0
DA:163,0
DA:165,0
DA:170,0
DA:171,0
DA:172,0
DA:175,0
DA:177,0
DA:178,0
DA:180,0
DA:181,0
DA:183,0
DA:186,0
DA:187,0
DA:188,0
DA:191,0
DA:192,0
DA:193,0
DA:199,0
DA:200,0
DA:203,0
DA:204,0
DA:207,0
DA:208,0
DA:211,0
DA:212,0
DA:215,0
DA:216,0
DA:219,0
DA:220,0
DA:223,0
DA:224,0
DA:227,0
DA:228,0
DA:231,0
DA:232,0
DA:235,0
DA:236,0
DA:239,0
DA:240,0
DA:241,0
DA:253,0
DA:254,0
DA:257,0
DA:258,0
DA:261,0
DA:262,0
DA:265,0
DA:266,0
DA:269,0
DA:270,0
DA:273,0
DA:274,0
DA:277,0
DA:278,0
DA:279,0
DA:282,0
DA:283,0
DA:285,0
DA:288,0
DA:289,0
DA:292,0
DA:293,0
DA:294,0
DA:300,0
DA:301,0
DA:304,0
DA:305,0
DA:306,0
DA:311,0
DA:313,0
DA:314,0
DA:317,0
DA:318,0
DA:324,0
DA:325,0
DA:328,0
DA:329,0
DA:336,0
DA:337,0
DA:348,0
DA:349,0
DA:350,0
DA:353,0
DA:354,0
DA:356,0
DA:358,0
DA:359,0
DA:361,0
DA:362,0
DA:366,0
DA:367,0
DA:371,0
DA:372,0
DA:375,0
DA:376,0
DA:377,0
DA:379,0
DA:384,0
DA:385,0
DA:386,0
DA:389,0
DA:392,0
DA:393,0
DA:394,0
DA:395,0
DA:397,0
DA:398,0
DA:401,0
DA:404,0
DA:405,0
DA:409,0
DA:410,0
DA:413,0
DA:414,0
DA:417,0
DA:418,0
DA:421,0
DA:422,0
DA:423,0
DA:426,0
DA:428,0
DA:429,0
DA:431,0
DA:432,0
DA:434,0
DA:437,0
DA:445,0
DA:446,0
DA:447,0
DA:451,0
DA:452,0
DA:454,0
DA:456,0
DA:457,0
DA:459,0
DA:460,0
DA:462,0
DA:466,0
DA:467,0
DA:468,0
DA:471,0
DA:472,0
DA:475,0
DA:476,0
DA:479,0
DA:480,0
DA:483,0
DA:484,0
DA:485,0
DA:486,0
DA:487,0
DA:489,0
DA:490,0
DA:494,0
DA:497,0
DA:498,0
DA:501,0
DA:502,0
DA:505,0
DA:506,0
DA:509,0
DA:514,0
DA:517,0
DA:532,0
DA:533,0
DA:534,0
DA:536,0
DA:537,0
DA:540,0
DA:541,0
DA:542,0
DA:548,0
DA:549,0
DA:551,0
DA:552,0
DA:554,0
DA:561,0
DA:562,0
DA:563,0
DA:565,0
DA:566,0
DA:567,0
DA:570,0
DA:576,0
DA:577,0
DA:579,0
DA:580,0
DA:581,0
DA:584,0
DA:585,0
DA:586,0
DA:589,0
DA:594,0
DA:601,0
DA:602,0
DA:606,0
DA:609,0
DA:613,0
DA:614,0
DA:615,0
DA:618,0
DA:619,0
DA:620,0
DA:623,0
DA:627,0
DA:628,0
DA:631,0
DA:632,0
DA:637,0
DA:640,0
DA:641,0
DA:642,0
DA:646,0
DA:652,0
DA:655,0
DA:658,0
end_of_record

SF:/Users/owenthurm/Desktop/temp/abracadabra-money-contracts/src/staking/MultiRewards.sol
DA:12,0
DA:36,0
DA:39,0
DA:40,0
DA:41,0
DA:43,0
DA:44,0
DA:46,0
DA:47,0
DA:50,0
DA:51,0
DA:52,0
DA:55,0
DA:56,0
DA:57,0
DA:59,0
DA:60,0
DA:63,0
DA:64,0
DA:65,0
DA:68,0
DA:69,0
DA:70,0
DA:72,0
DA:73,0
DA:76,0
DA:77,0
DA:79,0
DA:80,0
DA:81,0
DA:83,0
DA:84,0
DA:85,0
DA:87,0
DA:91,0
DA:96,0
DA:97,0
DA:98,0
DA:104,0
DA:105,0
DA:108,0
DA:109,0
DA:112,0
DA:113,0
DA:114,0
DA:117,0
DA:118,0
DA:120,0
DA:123,0
DA:124,0
DA:126,0
DA:129,0
DA:130,0
DA:133,0
DA:134,0
DA:137,0
DA:138,0
DA:144,0
DA:145,0
DA:146,0
DA:148,0
DA:149,0
DA:151,0
DA:152,0
DA:155,0
DA:156,0
DA:159,0
DA:160,0
DA:161,0
DA:163,0
DA:164,0
DA:167,0
DA:168,0
DA:171,0
DA:172,0
DA:173,0
DA:176,0
DA:177,0
DA:180,0
DA:181,0
DA:184,0
DA:185,0
DA:191,0
DA:192,0
DA:193,0
DA:196,0
DA:197,0
DA:200,0
DA:201,0
DA:204,0
DA:205,0
DA:206,0
DA:208,0
DA:214,0
DA:215,0
DA:216,0
DA:218,0
DA:219,0
DA:221,0
DA:222,0
DA:223,0
DA:227,0
end_of_record

SF:/Users/owenthurm/Desktop/temp/abracadabra-money-contracts/src/staking/PrivateMultiRewardsStaking.sol
DA:11,0
DA:15,0
DA:18,0
DA:19,0
DA:24,0
DA:26,0
DA:27,0
DA:30,0
DA:31,0
DA:34,0
DA:35,0
DA:38,0
DA:39,0
DA:45,0
DA:46,0
DA:47,0
end_of_record

SF:/Users/owenthurm/Desktop/temp/abracadabra-money-contracts/src/strategies/BaseStrategy.sol
DA:14,0
DA:15,0
DA:17,0
DA:18,0
DA:19,0
DA:26,0
DA:27,0
DA:61,0
DA:66,0
DA:67,0
DA:71,0
DA:75,0
DA:76,0
DA:77,0
DA:81,0
DA:82,0
DA:92,0
DA:93,0
DA:96,0
DA:101,0
DA:102,0
DA:105,0
DA:112,0
DA:116,0
DA:117,0
DA:124,0
DA:126,0
DA:129,0
DA:130,0
DA:133,0
DA:134,0
DA:137,0
DA:139,0
DA:143,0
DA:144,0
DA:148,0
DA:151,0
DA:155,0
DA:159,0
DA:163,0
DA:164,0
DA:166,0
DA:167,0
DA:172,0
DA:173,0
DA:175,0
DA:177,0
DA:179,0
DA:181,0
DA:186,0
DA:187,0
DA:190,0
end_of_record

SF:/Users/owenthurm/Desktop/temp/abracadabra-money-contracts/src/strategies/GmStrategy.sol
DA:13,0
DA:26,0
DA:28,0
DA:29,0
DA:30,0
DA:31,0
DA:32,0
DA:33,0
DA:34,0
DA:35,0
DA:36,0
DA:38,0
DA:39,0
DA:40,0
DA:52,0
DA:53,0
DA:56,0
DA:57,0
DA:61,0
DA:69,0
DA:70,0
DA:72,0
DA:73,0
DA:75,0
DA:76,0
DA:77,0
DA:78,0
DA:79,0
DA:80,0
DA:82,0
DA:83,0
DA:84,0
DA:86,0
DA:88,0
DA:98,0
DA:106,0
DA:107,0
DA:108,0
DA:109,0
DA:111,0
DA:112,0
DA:118,0
DA:120,0
DA:121,0
DA:124,0
DA:125,0
DA:127,0
DA:128,0
DA:130,0
DA:133,0
DA:142,0
DA:143,0
DA:146,0
DA:147,0
DA:150,0
DA:151,0
DA:152,0
DA:155,0
DA:156,0
DA:157,0
DA:160,0
DA:161,0
DA:162,0
DA:165,0
DA:171,0
DA:172,0
DA:175,0
DA:176,0
DA:177,0
DA:183,0
DA:190,0
DA:191,0
DA:195,0
DA:196,0
DA:199,0
DA:200,0
DA:203,0
DA:204,0
DA:206,0
DA:208,0
DA:209,0
DA:212,0
DA:213,0
DA:214,0
DA:220,0
DA:223,0
DA:226,0
DA:227,0
DA:228,0
DA:231,0
DA:232,0
DA:233,0
DA:236,0
DA:237,0
DA:241,0
DA:242,0
end_of_record

SF:/Users/owenthurm/Desktop/temp/abracadabra-money-contracts/src/strategies/MasterChefLPStrategy.sol
DA:21,0
DA:30,0
DA:31,0
DA:32,0
DA:33,0
DA:34,0
DA:36,0
DA:44,0
DA:46,0
DA:47,0
DA:49,0
DA:57,0
DA:58,0
DA:59,0
DA:60,0
DA:61,0
DA:62,0
DA:63,0
DA:65,0
DA:66,0
DA:68,0
DA:69,0
DA:70,0
DA:72,0
DA:73,0
DA:79,0
DA:80,0
DA:81,0
DA:84,0
DA:85,0
DA:88,0
DA:89,0
DA:90,0
DA:93,0
DA:94,0
DA:97,0
DA:98,0
DA:101,0
DA:102,0
DA:103,0
DA:104,0
DA:105,0
DA:107,0
DA:108,0
DA:109,0
DA:111,0
DA:112,0
DA:117,0
DA:118,0
DA:119,0
DA:120,0
DA:123,0
DA:124,0
DA:125,0
DA:126,0
DA:128,0
DA:130,0
DA:131,0
DA:132,0
DA:133,0
DA:134,0
DA:135,0
DA:136,0
DA:137,0
DA:138,0
DA:141,0
DA:143,0
DA:144,0
DA:145,0
DA:146,0
DA:147,0
DA:148,0
DA:151,0
DA:154,0
DA:155,0
DA:156,0
DA:159,0
DA:160,0
DA:162,0
DA:163,0
DA:165,0
end_of_record

SF:/Users/owenthurm/Desktop/temp/abracadabra-money-contracts/src/strategies/NegativeInterestStrategy.sol
DA:9,0
DA:32,0
DA:44,0
DA:45,0
DA:48,0
DA:49,0
DA:50,0
DA:52,0
DA:53,0
DA:54,0
DA:55,0
DA:56,0
DA:61,0
DA:62,0
DA:63,0
DA:65,0
DA:67,0
DA:68,0
DA:69,0
DA:72,0
DA:73,0
DA:74,0
DA:78,0
DA:79,0
DA:82,0
DA:83,0
DA:86,0
DA:87,0
DA:92,0
DA:93,0
DA:94,0
DA:95,0
DA:97,0
DA:98,0
DA:102,0
DA:103,0
DA:107,0
DA:108,0
DA:117,0
DA:118,0
DA:119,0
DA:123,0
DA:124,0
DA:126,0
DA:129,0
DA:132,0
DA:133,0
DA:135,0
DA:136,0
DA:137,0
DA:138,0
DA:141,0
DA:144,0
DA:146,0
DA:147,0
DA:151,0
DA:152,0
DA:154,0
DA:155,0
DA:156,0
DA:158,0
DA:159,0
DA:163,0
DA:164,0
DA:167,0
DA:168,0
DA:170,0
DA:171,0
DA:175,0
DA:176,0
DA:178,0
DA:179,0
DA:184,0
DA:185,0
DA:186,0
DA:189,0
DA:190,0
DA:192,0
DA:193,0
DA:194,0
DA:197,0
DA:198,0
DA:199,0
DA:202,0
DA:203,0
DA:205,0
DA:206,0
DA:208,0
DA:211,0
DA:212,0
DA:214,0
DA:215,0
DA:217,0
DA:221,0
DA:222,0
DA:223,0
DA:226,0
DA:228,0
DA:229,0
DA:233,0
DA:234,0
DA:236,0
DA:237,0
DA:240,0
DA:241,0
DA:242,0
DA:245,0
DA:246,0
DA:249,0
DA:250,0
DA:251,0
DA:254,0
DA:255,0
DA:256,0
DA:259,0
DA:260,0
DA:261,0
DA:264,0
DA:265,0
DA:268,0
DA:269,0
DA:270,0
DA:271,0
DA:272,0
DA:276,0
DA:277,0
DA:280,0
DA:285,0
DA:288,0
DA:289,0
DA:290,0
DA:291,0
DA:295,0
DA:296,0
DA:297,0
DA:299,0
DA:302,0
DA:303,0
DA:304,0
DA:305,0
DA:306,0
DA:308,0
DA:312,0
DA:313,0
DA:316,0
DA:317,0
DA:318,0
DA:319,0
DA:320,0
DA:321,0
DA:323,0
DA:326,0
DA:327,0
DA:328,0
end_of_record

SF:/Users/owenthurm/Desktop/temp/abracadabra-money-contracts/src/strategies/StargateLPStrategy.sol
DA:12,0
DA:20,0
DA:21,0
DA:22,0
DA:23,0
DA:25,0
DA:26,0
DA:27,0
DA:29,0
DA:36,0
DA:37,0
DA:38,0
DA:39,0
DA:40,0
DA:42,0
DA:43,0
DA:45,0
DA:46,0
DA:48,0
DA:49,0
DA:51,0
DA:54,0
DA:55,0
DA:58,0
DA:59,0
DA:60,0
DA:63,0
DA:64,0
DA:67,0
DA:68,0
DA:71,0
DA:73,0
DA:76,0
DA:79,0
DA:82,0
DA:84,0
DA:86,0
DA:87,0
DA:90,0
DA:91,0
DA:93,0
DA:95,0
DA:98,0
DA:99,0
DA:101,0
DA:102,0
DA:105,0
DA:107,0
DA:108,0
DA:111,0
DA:114,0
DA:115,0
end_of_record

SF:/Users/owenthurm/Desktop/temp/abracadabra-money-contracts/src/swappers/ConvexWrapperLevSwapper.sol
DA:12,0
DA:15,0
DA:17,0
DA:28,0
DA:29,0
DA:30,0
DA:31,0
DA:32,0
DA:33,0
DA:34,0
DA:35,0
DA:38,0
DA:39,0
DA:42,0
DA:44,0
DA:46,0
end_of_record

SF:/Users/owenthurm/Desktop/temp/abracadabra-money-contracts/src/swappers/ConvexWrapperSwapper.sol
DA:12,0
DA:15,0
DA:17,0
DA:28,0
DA:29,0
DA:30,0
DA:31,0
DA:32,0
DA:33,0
DA:34,0
DA:35,0
DA:38,0
DA:39,0
DA:40,0
DA:41,0
DA:45,0
DA:46,0
DA:49,0
end_of_record

SF:/Users/owenthurm/Desktop/temp/abracadabra-money-contracts/src/swappers/CurveLevSwapper.sol
DA:11,0
DA:18,0
DA:19,0
DA:20,0
DA:21,0
DA:22,0
DA:23,0
DA:24,0
DA:25,0
DA:27,0
DA:36,0
DA:37,0
DA:38,0
DA:39,0
DA:40,0
DA:41,0
DA:42,0
DA:43,0
DA:45,0
DA:47,0
DA:49,0
DA:50,0
DA:53,0
DA:54,0
DA:57,0
DA:60,0
DA:61,0
DA:65,0
DA:70,0
DA:71,0
DA:72,0
DA:75,0
DA:76,0
DA:77,0
DA:78,0
DA:82,0
DA:86,0
DA:87,0
DA:88,0
DA:89,0
DA:90,0
DA:91,0
DA:93,0
DA:95,0
DA:98,0
DA:99,0
DA:100,0
DA:103,0
DA:104,0
DA:105,0
DA:106,0
DA:109,0
DA:110,0
DA:111,0
DA:112,0
DA:113,0
DA:114,0
DA:115,0
DA:116,0
DA:117,0
DA:118,0
DA:119,0
DA:120,0
DA:121,0
DA:123,0
end_of_record

SF:/Users/owenthurm/Desktop/temp/abracadabra-money-contracts/src/swappers/CurveSwapper.sol
DA:11,0
DA:18,0
DA:19,0
DA:20,0
DA:21,0
DA:22,0
DA:23,0
DA:24,0
DA:25,0
DA:27,0
DA:36,0
DA:37,0
DA:38,0
DA:39,0
DA:40,0
DA:41,0
DA:42,0
DA:43,0
DA:47,0
DA:48,0
DA:51,0
DA:53,0
DA:54,0
DA:57,0
DA:60,0
DA:61,0
DA:65,0
DA:72,0
DA:73,0
DA:74,0
DA:77,0
DA:78,0
DA:79,0
DA:80,0
DA:81,0
DA:82,0
DA:83,0
DA:84,0
DA:86,0
DA:90,0
DA:91,0
DA:92,0
DA:93,0
DA:97,0
DA:98,0
DA:101,0
DA:102,0
end_of_record

SF:/Users/owenthurm/Desktop/temp/abracadabra-money-contracts/src/swappers/ERC4626LevSwapper.sol
DA:13,0
DA:19,0
DA:20,0
DA:21,0
DA:22,0
DA:23,0
DA:25,0
DA:26,0
DA:27,0
DA:28,0
DA:29,0
DA:31,0
DA:32,0
DA:34,0
DA:35,0
DA:39,0
DA:44,0
DA:45,0
DA:48,0
DA:49,0
DA:50,0
DA:53,0
DA:54,0
DA:56,0
DA:58,0
end_of_record

SF:/Users/owenthurm/Desktop/temp/abracadabra-money-contracts/src/swappers/ERC4626Swapper.sol
DA:13,0
DA:20,0
DA:21,0
DA:22,0
DA:23,0
DA:24,0
DA:26,0
DA:27,0
DA:28,0
DA:29,0
DA:30,0
DA:32,0
DA:33,0
DA:35,0
DA:36,0
DA:40,0
DA:47,0
DA:48,0
DA:49,0
DA:52,0
DA:53,0
DA:54,0
DA:57,0
DA:58,0
end_of_record

SF:/Users/owenthurm/Desktop/temp/abracadabra-money-contracts/src/swappers/MagicCurveLpLevSwapper.sol
DA:13,0
DA:17,0
DA:19,0
DA:30,0
DA:31,0
DA:32,0
DA:33,0
DA:34,0
DA:35,0
DA:36,0
DA:37,0
DA:40,0
DA:41,0
DA:44,0
DA:46,0
DA:48,0
end_of_record

SF:/Users/owenthurm/Desktop/temp/abracadabra-money-contracts/src/swappers/MagicCurveLpSwapper.sol
DA:13,0
DA:17,0
DA:19,0
DA:30,0
DA:31,0
DA:32,0
DA:33,0
DA:34,0
DA:35,0
DA:36,0
DA:37,0
DA:40,0
DA:41,0
DA:42,0
DA:43,0
DA:47,0
DA:48,0
DA:51,0
end_of_record

SF:/Users/owenthurm/Desktop/temp/abracadabra-money-contracts/src/swappers/MagicGlpLevSwapper.sol
DA:13,0
DA:20,0
DA:21,0
DA:22,0
DA:23,0
DA:24,0
DA:25,0
DA:26,0
DA:28,0
DA:37,0
DA:38,0
DA:39,0
DA:40,0
DA:41,0
DA:42,0
DA:43,0
DA:44,0
DA:46,0
DA:47,0
DA:48,0
DA:49,0
DA:50,0
DA:53,0
DA:54,0
DA:58,0
DA:63,0
DA:64,0
DA:66,0
DA:69,0
DA:70,0
DA:71,0
DA:74,0
DA:76,0
DA:77,0
DA:79,0
DA:81,0
end_of_record

SF:/Users/owenthurm/Desktop/temp/abracadabra-money-contracts/src/swappers/MagicGlpSwapper.sol
DA:13,0
DA:20,0
DA:21,0
DA:22,0
DA:23,0
DA:24,0
DA:25,0
DA:26,0
DA:28,0
DA:36,0
DA:37,0
DA:38,0
DA:39,0
DA:40,0
DA:41,0
DA:42,0
DA:43,0
DA:45,0
DA:46,0
DA:47,0
DA:48,0
DA:49,0
DA:52,0
DA:56,0
DA:63,0
DA:64,0
DA:66,0
DA:67,0
DA:69,0
DA:72,0
DA:73,0
DA:74,0
DA:78,0
DA:80,0
DA:81,0
end_of_record

SF:/Users/owenthurm/Desktop/temp/abracadabra-money-contracts/src/swappers/StargateCurveSwapper.sol
DA:19,0
DA:26,0
DA:27,0
DA:28,0
DA:29,0
DA:30,0
DA:31,0
DA:32,0
DA:33,0
DA:34,0
DA:36,0
DA:38,0
DA:47,0
DA:48,0
DA:49,0
DA:50,0
DA:51,0
DA:52,0
DA:53,0
DA:54,0
DA:56,0
DA:57,0
DA:60,0
DA:61,0
DA:62,0
DA:65,0
DA:66,0
DA:69,0
DA:70,0
DA:74,0
DA:80,0
DA:81,0
DA:84,0
DA:85,0
DA:88,0
DA:91,0
DA:93,0
DA:95,0
DA:96,0
DA:99,0
DA:103,0
DA:104,0
DA:105,0
DA:106,0
DA:107,0
DA:108,0
DA:111,0
DA:112,0
end_of_record

SF:/Users/owenthurm/Desktop/temp/abracadabra-money-contracts/src/swappers/StargateLPLevSwapper.sol
DA:14,0
DA:20,0
DA:21,0
DA:22,0
DA:23,0
DA:24,0
DA:25,0
DA:26,0
DA:28,0
DA:35,0
DA:36,0
DA:37,0
DA:38,0
DA:39,0
DA:40,0
DA:41,0
DA:42,0
DA:43,0
DA:45,0
DA:46,0
DA:47,0
DA:51,0
DA:56,0
DA:57,0
DA:60,0
DA:61,0
DA:62,0
DA:66,0
DA:67,0
DA:69,0
DA:70,0
end_of_record

SF:/Users/owenthurm/Desktop/temp/abracadabra-money-contracts/src/swappers/StargateLPSwapper.sol
DA:14,0
DA:20,0
DA:21,0
DA:22,0
DA:23,0
DA:24,0
DA:25,0
DA:26,0
DA:28,0
DA:36,0
DA:37,0
DA:38,0
DA:39,0
DA:40,0
DA:41,0
DA:42,0
DA:44,0
DA:45,0
DA:49,0
DA:56,0
DA:57,0
DA:60,0
DA:63,0
DA:64,0
DA:67,0
DA:68,0
DA:69,0
DA:73,0
DA:75,0
DA:76,0
end_of_record

SF:/Users/owenthurm/Desktop/temp/abracadabra-money-contracts/src/swappers/TokenLevSwapper.sol
DA:11,0
DA:16,0
DA:17,0
DA:18,0
DA:19,0
DA:21,0
DA:22,0
DA:23,0
DA:24,0
DA:25,0
DA:26,0
DA:27,0
DA:31,0
DA:36,0
DA:37,0
DA:40,0
DA:41,0
DA:42,0
DA:46,0
DA:47,0
DA:48,0
DA:51,0
DA:52,0
end_of_record

SF:/Users/owenthurm/Desktop/temp/abracadabra-money-contracts/src/swappers/TokenSwapper.sol
DA:11,0
DA:16,0
DA:17,0
DA:18,0
DA:19,0
DA:21,0
DA:22,0
DA:23,0
DA:24,0
DA:25,0
DA:26,0
DA:27,0
DA:31,0
DA:38,0
DA:39,0
DA:42,0
DA:43,0
DA:44,0
DA:48,0
DA:49,0
DA:50,0
DA:53,0
DA:54,0
end_of_record

SF:/Users/owenthurm/Desktop/temp/abracadabra-money-contracts/src/swappers/UniswapLikeLPLevSwapper.sol
DA:13,0
DA:19,0
DA:20,0
DA:21,0
DA:22,0
DA:23,0
DA:24,0
DA:26,0
DA:28,0
DA:29,0
DA:30,0
DA:31,0
DA:32,0
DA:33,0
DA:35,0
DA:36,0
DA:37,0
DA:38,0
DA:40,0
DA:41,0
DA:42,0
DA:46,0
DA:51,0
DA:54,0
DA:55,0
DA:59,0
DA:62,0
DA:63,0
DA:64,0
DA:68,0
DA:69,0
DA:70,0
DA:73,0
DA:75,0
DA:76,0
DA:78,0
DA:79,0
DA:80,0
DA:81,0
DA:82,0
DA:83,0
DA:84,0
DA:85,0
DA:86,0
DA:87,0
DA:88,0
DA:89,0
DA:92,0
DA:95,0
DA:96,0
end_of_record

SF:/Users/owenthurm/Desktop/temp/abracadabra-money-contracts/src/swappers/UniswapLikeLPSwapper.sol
DA:12,0
DA:18,0
DA:19,0
DA:20,0
DA:22,0
DA:24,0
DA:25,0
DA:26,0
DA:27,0
DA:28,0
DA:30,0
DA:31,0
DA:33,0
DA:37,0
DA:44,0
DA:47,0
DA:49,0
DA:51,0
DA:52,0
DA:55,0
DA:56,0
DA:57,0
DA:61,0
DA:62,0
DA:63,0
DA:66,0
DA:67,0
end_of_record

SF:/Users/owenthurm/Desktop/temp/abracadabra-money-contracts/src/swappers/YearnCurveLevSwapper.sol
DA:12,0
DA:15,0
DA:17,0
DA:28,0
DA:29,0
DA:30,0
DA:31,0
DA:32,0
DA:33,0
DA:34,0
DA:35,0
DA:38,0
DA:39,0
DA:42,0
DA:44,0
DA:46,0
end_of_record

SF:/Users/owenthurm/Desktop/temp/abracadabra-money-contracts/src/swappers/YearnCurveSwapper.sol
DA:12,0
DA:15,0
DA:17,0
DA:28,0
DA:29,0
DA:30,0
DA:31,0
DA:32,0
DA:33,0
DA:34,0
DA:35,0
DA:38,0
DA:39,0
DA:40,0
DA:41,0
DA:45,0
DA:46,0
DA:49,0
end_of_record

SF:/Users/owenthurm/Desktop/temp/abracadabra-money-contracts/src/tokens/ERC4626.sol
DA:13,0
DA:20,0
DA:21,0
DA:22,0
DA:25,0
DA:26,0
DA:29,0
DA:30,0
DA:33,0
DA:35,0
DA:36,0
DA:40,0
DA:43,0
DA:46,0
DA:47,0
DA:49,0
DA:52,0
DA:53,0
DA:56,0
DA:59,0
DA:62,0
DA:63,0
DA:65,0
DA:68,0
DA:72,0
DA:73,0
DA:75,0
DA:76,0
DA:78,0
DA:79,0
DA:83,0
DA:84,0
DA:85,0
DA:86,0
DA:89,0
DA:93,0
DA:97,0
DA:98,0
DA:99,0
DA:100,0
DA:101,0
DA:106,0
DA:107,0
DA:110,0
DA:111,0
DA:112,0
DA:113,0
DA:116,0
DA:120,0
DA:121,0
DA:124,0
DA:125,0
DA:126,0
DA:129,0
DA:130,0
DA:131,0
DA:134,0
DA:135,0
DA:138,0
DA:139,0
DA:140,0
DA:143,0
DA:144,0
DA:145,0
DA:148,0
DA:149,0
DA:152,0
DA:153,0
DA:160,0
DA:161,0
DA:164,0
DA:165,0
DA:170,0
end_of_record

SF:/Users/owenthurm/Desktop/temp/abracadabra-money-contracts/src/tokens/LzBaseOFTV2.sol
DA:20,0
DA:22,0
DA:27,0
DA:34,0
DA:36,0
DA:37,0
DA:38,0
DA:39,0
DA:40,0
DA:41,0
DA:42,0
DA:43,0
DA:44,0
DA:48,0
DA:57,0
DA:59,0
DA:60,0
DA:61,0
DA:62,0
DA:63,0
DA:64,0
DA:65,0
DA:66,0
DA:67,0
DA:68,0
DA:69,0
DA:73,0
DA:74,0
DA:76,0
DA:77,0
DA:80,0
DA:83,0
DA:84,0
DA:85,0
DA:93,0
DA:94,0
DA:97,0
DA:103,0
DA:104,0
DA:105,0
DA:106,0
DA:110,0
DA:118,0
DA:119,0
DA:120,0
DA:121,0
DA:129,0
DA:130,0
DA:131,0
end_of_record

SF:/Users/owenthurm/Desktop/temp/abracadabra-money-contracts/src/tokens/LzIndirectOFTV2.sol
DA:10,0
DA:12,0
DA:13,0
DA:14,0
DA:16,0
DA:22,0
DA:23,0
DA:24,0
DA:26,0
DA:27,0
DA:28,0
DA:30,0
DA:31,0
DA:37,0
DA:38,0
DA:41,0
DA:42,0
DA:48,0
DA:49,0
DA:51,0
DA:53,0
DA:56,0
DA:57,0
DA:59,0
DA:63,0
end_of_record

SF:/Users/owenthurm/Desktop/temp/abracadabra-money-contracts/src/tokens/LzOFTCoreV2.sol
DA:13,0
DA:16,0
DA:17,0
DA:19,0
DA:21,0
DA:42,0
DA:43,0
DA:46,0
DA:47,0
DA:48,0
DA:54,0
DA:60,0
DA:62,0
DA:63,0
DA:66,0
DA:74,0
DA:76,0
DA:77,0
DA:80,0
DA:87,0
DA:89,0
DA:90,0
DA:91,0
DA:92,0
DA:94,0
DA:98,0
DA:107,0
DA:108,0
DA:110,0
DA:111,0
DA:113,0
DA:114,0
DA:116,0
DA:119,0
DA:120,0
DA:121,0
DA:122,0
DA:125,0
DA:126,0
DA:128,0
DA:131,0
DA:142,0
DA:143,0
DA:145,0
DA:146,0
DA:149,0
DA:150,0
DA:152,0
DA:155,0
DA:161,0
DA:162,0
DA:163,0
DA:164,0
DA:165,0
DA:166,0
DA:168,0
DA:169,0
DA:170,0
DA:171,0
DA:173,0
DA:176,0
DA:177,0
DA:179,0
DA:183,0
DA:184,0
DA:185,0
DA:186,0
DA:189,0
DA:190,0
DA:191,0
DA:193,0
DA:196,0
DA:199,0
DA:209,0
DA:210,0
DA:211,0
DA:213,0
DA:217,0
DA:218,0
DA:219,0
DA:223,0
DA:224,0
DA:227,0
DA:228,0
DA:229,0
DA:232,0
DA:233,0
DA:236,0
DA:237,0
DA:239,0
DA:240,0
DA:243,0
DA:249,0
DA:250,0
DA:253,0
DA:255,0
DA:256,0
DA:258,0
DA:259,0
DA:260,0
DA:261,0
DA:262,0
DA:266,0
end_of_record

SF:/Users/owenthurm/Desktop/temp/abracadabra-money-contracts/src/tokens/LzProxyOFTV2.sol
DA:7,0
DA:10,0
DA:11,0
DA:13,0
DA:18,0
DA:19,0
DA:21,0
DA:22,0
DA:23,0
DA:25,0
DA:26,0
DA:32,0
DA:33,0
DA:36,0
DA:37,0
DA:43,0
DA:44,0
DA:46,0
DA:48,0
DA:51,0
DA:52,0
DA:53,0
DA:57,0
end_of_record

SF:/Users/owenthurm/Desktop/temp/abracadabra-money-contracts/src/tokens/MagicCurveLp.sol
DA:11,0
DA:13,0
DA:16,0
DA:21,0
DA:22,0
DA:23,0
DA:24,0
DA:27,0
DA:28,0
DA:29,0
DA:32,0
DA:33,0
DA:36,0
DA:37,0
DA:40,0
DA:41,0
DA:42,0
DA:45,0
DA:48,0
DA:49,0
end_of_record

SF:/Users/owenthurm/Desktop/temp/abracadabra-money-contracts/src/tokens/MagicGlp.sol
DA:8,0
DA:11,0
DA:12,0
DA:15,0
DA:16,0
DA:23,0
DA:28,0
DA:33,0
DA:34,0
DA:35,0
DA:38,0
DA:39,0
DA:40,0
DA:43,0
DA:44,0
DA:45,0
DA:48,0
DA:49,0
DA:50,0
DA:55,0
DA:65,0
DA:70,0
DA:74,0
DA:77,0
DA:79,0
DA:81,0
DA:82,0
DA:85,0
end_of_record

SF:/Users/owenthurm/Desktop/temp/abracadabra-money-contracts/src/tokens/MintableBurnableERC20.sol
DA:11,0
DA:12,0
DA:17,0
DA:19,0
DA:20,0
DA:24,0
DA:25,0
DA:26,0
end_of_record

